This is pdfTeX, Version 3.141592653-2.6-1.40.25 (TeX Live 2023) (preloaded format=pdflatex 2023.10.24)  24 OCT 2023 21:14
entering extended mode
 restricted \write18 enabled.
 %&-line parsing enabled.
**refman
(./refman.tex
LaTeX2e <2023-06-01> patch level 1
L3 programming layer <2023-10-10>
(c:/texlive/2023/texmf-dist/tex/latex/base/book.cls
Document Class: book 2023/05/17 v1.4n Standard LaTeX document class
(c:/texlive/2023/texmf-dist/tex/latex/base/bk10.clo
File: bk10.clo 2023/05/17 v1.4n Standard LaTeX file (size option)
)
\c@part=\count185
\c@chapter=\count186
\c@section=\count187
\c@subsection=\count188
\c@subsubsection=\count189
\c@paragraph=\count190
\c@subparagraph=\count191
\c@figure=\count192
\c@table=\count193
\abovecaptionskip=\skip48
\belowcaptionskip=\skip49
\bibindent=\dimen140
)
(c:/texlive/2023/texmf-dist/tex/latex/base/ifthen.sty
Package: ifthen 2022/04/13 v1.1d Standard LaTeX ifthen package (DPC)
)
(c:/texlive/2023/texmf-dist/tex/latex/base/inputenc.sty
Package: inputenc 2021/02/14 v1.3d Input encoding file
\inpenc@prehook=\toks17
\inpenc@posthook=\toks18
)
(c:/texlive/2023/texmf-dist/tex/generic/babel/babel.sty
Package: babel 2023/09/29 v3.95 The Babel package
\babel@savecnt=\count194
\U@D=\dimen141
\l@unhyphenated=\language89

(c:/texlive/2023/texmf-dist/tex/generic/babel/txtbabel.def)
\bbl@readstream=\read2
\bbl@dirlevel=\count195

(c:/texlive/2023/texmf-dist/tex/generic/babel-russian/russianb.ldf
File: russianb.ldf 2021/01/10 1.3m Russian support for the Babel system
Language: russian 2020/09/09 1.3k Russian support for the Babel system


Package babel Warning: No Cyrillic font encoding has been loaded so far.
(babel)                A font encoding should be declared before babel.
(babel)                Default `T2A' encoding will be loaded  on input line 78.


(c:/texlive/2023/texmf-dist/tex/latex/cyrillic/t2aenc.def
File: t2aenc.def 2022/06/11 v1.0j Cyrillic encoding definition file
Now handling font encoding T2A ...
... processing UTF-8 mapping file for font encoding T2A

(c:/texlive/2023/texmf-dist/tex/latex/base/t2aenc.dfu
File: t2aenc.dfu 2022/06/07 v1.3c UTF-8 support
   defining Unicode char U+00A4 (decimal 164)
   defining Unicode char U+00A7 (decimal 167)
   defining Unicode char U+00AB (decimal 171)
   defining Unicode char U+00BB (decimal 187)
   defining Unicode char U+0131 (decimal 305)
   defining Unicode char U+0237 (decimal 567)
   defining Unicode char U+0400 (decimal 1024)
   defining Unicode char U+0401 (decimal 1025)
   defining Unicode char U+0402 (decimal 1026)
   defining Unicode char U+0403 (decimal 1027)
   defining Unicode char U+0404 (decimal 1028)
   defining Unicode char U+0405 (decimal 1029)
   defining Unicode char U+0406 (decimal 1030)
   defining Unicode char U+0407 (decimal 1031)
   defining Unicode char U+0408 (decimal 1032)
   defining Unicode char U+0409 (decimal 1033)
   defining Unicode char U+040A (decimal 1034)
   defining Unicode char U+040B (decimal 1035)
   defining Unicode char U+040C (decimal 1036)
   defining Unicode char U+040D (decimal 1037)
   defining Unicode char U+040E (decimal 1038)
   defining Unicode char U+040F (decimal 1039)
   defining Unicode char U+0410 (decimal 1040)
   defining Unicode char U+0411 (decimal 1041)
   defining Unicode char U+0412 (decimal 1042)
   defining Unicode char U+0413 (decimal 1043)
   defining Unicode char U+0414 (decimal 1044)
   defining Unicode char U+0415 (decimal 1045)
   defining Unicode char U+0416 (decimal 1046)
   defining Unicode char U+0417 (decimal 1047)
   defining Unicode char U+0418 (decimal 1048)
   defining Unicode char U+0419 (decimal 1049)
   defining Unicode char U+041A (decimal 1050)
   defining Unicode char U+041B (decimal 1051)
   defining Unicode char U+041C (decimal 1052)
   defining Unicode char U+041D (decimal 1053)
   defining Unicode char U+041E (decimal 1054)
   defining Unicode char U+041F (decimal 1055)
   defining Unicode char U+0420 (decimal 1056)
   defining Unicode char U+0421 (decimal 1057)
   defining Unicode char U+0422 (decimal 1058)
   defining Unicode char U+0423 (decimal 1059)
   defining Unicode char U+0424 (decimal 1060)
   defining Unicode char U+0425 (decimal 1061)
   defining Unicode char U+0426 (decimal 1062)
   defining Unicode char U+0427 (decimal 1063)
   defining Unicode char U+0428 (decimal 1064)
   defining Unicode char U+0429 (decimal 1065)
   defining Unicode char U+042A (decimal 1066)
   defining Unicode char U+042B (decimal 1067)
   defining Unicode char U+042C (decimal 1068)
   defining Unicode char U+042D (decimal 1069)
   defining Unicode char U+042E (decimal 1070)
   defining Unicode char U+042F (decimal 1071)
   defining Unicode char U+0430 (decimal 1072)
   defining Unicode char U+0431 (decimal 1073)
   defining Unicode char U+0432 (decimal 1074)
   defining Unicode char U+0433 (decimal 1075)
   defining Unicode char U+0434 (decimal 1076)
   defining Unicode char U+0435 (decimal 1077)
   defining Unicode char U+0436 (decimal 1078)
   defining Unicode char U+0437 (decimal 1079)
   defining Unicode char U+0438 (decimal 1080)
   defining Unicode char U+0439 (decimal 1081)
   defining Unicode char U+043A (decimal 1082)
   defining Unicode char U+043B (decimal 1083)
   defining Unicode char U+043C (decimal 1084)
   defining Unicode char U+043D (decimal 1085)
   defining Unicode char U+043E (decimal 1086)
   defining Unicode char U+043F (decimal 1087)
   defining Unicode char U+0440 (decimal 1088)
   defining Unicode char U+0441 (decimal 1089)
   defining Unicode char U+0442 (decimal 1090)
   defining Unicode char U+0443 (decimal 1091)
   defining Unicode char U+0444 (decimal 1092)
   defining Unicode char U+0445 (decimal 1093)
   defining Unicode char U+0446 (decimal 1094)
   defining Unicode char U+0447 (decimal 1095)
   defining Unicode char U+0448 (decimal 1096)
   defining Unicode char U+0449 (decimal 1097)
   defining Unicode char U+044A (decimal 1098)
   defining Unicode char U+044B (decimal 1099)
   defining Unicode char U+044C (decimal 1100)
   defining Unicode char U+044D (decimal 1101)
   defining Unicode char U+044E (decimal 1102)
   defining Unicode char U+044F (decimal 1103)
   defining Unicode char U+0450 (decimal 1104)
   defining Unicode char U+0451 (decimal 1105)
   defining Unicode char U+0452 (decimal 1106)
   defining Unicode char U+0453 (decimal 1107)
   defining Unicode char U+0454 (decimal 1108)
   defining Unicode char U+0455 (decimal 1109)
   defining Unicode char U+0456 (decimal 1110)
   defining Unicode char U+0457 (decimal 1111)
   defining Unicode char U+0458 (decimal 1112)
   defining Unicode char U+0459 (decimal 1113)
   defining Unicode char U+045A (decimal 1114)
   defining Unicode char U+045B (decimal 1115)
   defining Unicode char U+045C (decimal 1116)
   defining Unicode char U+045D (decimal 1117)
   defining Unicode char U+045E (decimal 1118)
   defining Unicode char U+045F (decimal 1119)
   defining Unicode char U+0490 (decimal 1168)
   defining Unicode char U+0491 (decimal 1169)
   defining Unicode char U+0492 (decimal 1170)
   defining Unicode char U+0493 (decimal 1171)
   defining Unicode char U+0496 (decimal 1174)
   defining Unicode char U+0497 (decimal 1175)
   defining Unicode char U+0498 (decimal 1176)
   defining Unicode char U+0499 (decimal 1177)
   defining Unicode char U+049A (decimal 1178)
   defining Unicode char U+049B (decimal 1179)
   defining Unicode char U+049C (decimal 1180)
   defining Unicode char U+049D (decimal 1181)
   defining Unicode char U+04A0 (decimal 1184)
   defining Unicode char U+04A1 (decimal 1185)
   defining Unicode char U+04A2 (decimal 1186)
   defining Unicode char U+04A3 (decimal 1187)
   defining Unicode char U+04A4 (decimal 1188)
   defining Unicode char U+04A5 (decimal 1189)
   defining Unicode char U+04AA (decimal 1194)
   defining Unicode char U+04AB (decimal 1195)
   defining Unicode char U+04AE (decimal 1198)
   defining Unicode char U+04AF (decimal 1199)
   defining Unicode char U+04B0 (decimal 1200)
   defining Unicode char U+04B1 (decimal 1201)
   defining Unicode char U+04B2 (decimal 1202)
   defining Unicode char U+04B3 (decimal 1203)
   defining Unicode char U+04B6 (decimal 1206)
   defining Unicode char U+04B7 (decimal 1207)
   defining Unicode char U+04B8 (decimal 1208)
   defining Unicode char U+04B9 (decimal 1209)
   defining Unicode char U+04BA (decimal 1210)
   defining Unicode char U+04BB (decimal 1211)
   defining Unicode char U+04C0 (decimal 1216)
   defining Unicode char U+04C1 (decimal 1217)
   defining Unicode char U+04C2 (decimal 1218)
   defining Unicode char U+04D0 (decimal 1232)
   defining Unicode char U+04D1 (decimal 1233)
   defining Unicode char U+04D2 (decimal 1234)
   defining Unicode char U+04D3 (decimal 1235)
   defining Unicode char U+04D4 (decimal 1236)
   defining Unicode char U+04D5 (decimal 1237)
   defining Unicode char U+04D6 (decimal 1238)
   defining Unicode char U+04D7 (decimal 1239)
   defining Unicode char U+04D8 (decimal 1240)
   defining Unicode char U+04D9 (decimal 1241)
   defining Unicode char U+04DA (decimal 1242)
   defining Unicode char U+04DB (decimal 1243)
   defining Unicode char U+04DC (decimal 1244)
   defining Unicode char U+04DD (decimal 1245)
   defining Unicode char U+04DE (decimal 1246)
   defining Unicode char U+04DF (decimal 1247)
   defining Unicode char U+04E2 (decimal 1250)
   defining Unicode char U+04E3 (decimal 1251)
   defining Unicode char U+04E4 (decimal 1252)
   defining Unicode char U+04E5 (decimal 1253)
   defining Unicode char U+04E6 (decimal 1254)
   defining Unicode char U+04E7 (decimal 1255)
   defining Unicode char U+04E8 (decimal 1256)
   defining Unicode char U+04E9 (decimal 1257)
   defining Unicode char U+04EC (decimal 1260)
   defining Unicode char U+04ED (decimal 1261)
   defining Unicode char U+04EE (decimal 1262)
   defining Unicode char U+04EF (decimal 1263)
   defining Unicode char U+04F0 (decimal 1264)
   defining Unicode char U+04F1 (decimal 1265)
   defining Unicode char U+04F2 (decimal 1266)
   defining Unicode char U+04F3 (decimal 1267)
   defining Unicode char U+04F4 (decimal 1268)
   defining Unicode char U+04F5 (decimal 1269)
   defining Unicode char U+04F8 (decimal 1272)
   defining Unicode char U+04F9 (decimal 1273)
   defining Unicode char U+200C (decimal 8204)
   defining Unicode char U+2013 (decimal 8211)
   defining Unicode char U+2014 (decimal 8212)
   defining Unicode char U+2018 (decimal 8216)
   defining Unicode char U+2019 (decimal 8217)
   defining Unicode char U+201C (decimal 8220)
   defining Unicode char U+201D (decimal 8221)
   defining Unicode char U+201E (decimal 8222)
   defining Unicode char U+2030 (decimal 8240)
   defining Unicode char U+2031 (decimal 8241)
   defining Unicode char U+2116 (decimal 8470)
   defining Unicode char U+2329 (decimal 9001)
   defining Unicode char U+3008 (decimal 12296)
   defining Unicode char U+232A (decimal 9002)
   defining Unicode char U+3009 (decimal 12297)
   defining Unicode char U+2423 (decimal 9251)
   defining Unicode char U+27E8 (decimal 10216)
   defining Unicode char U+27E9 (decimal 10217)
   defining Unicode char U+FB00 (decimal 64256)
   defining Unicode char U+FB01 (decimal 64257)
   defining Unicode char U+FB02 (decimal 64258)
   defining Unicode char U+FB03 (decimal 64259)
   defining Unicode char U+FB04 (decimal 64260)
   defining Unicode char U+FB05 (decimal 64261)
   defining Unicode char U+FB06 (decimal 64262)
))
Package babel Info: Making " an active character on input line 124.
Package babel Info: Default for \cyrdash is provided on input line 163.
))
(c:/texlive/2023/texmf-dist/tex/generic/babel/locale/ru/babel-russian.tex
Package babel Info: Importing font and identification data for russian
(babel)             from babel-ru.ini. Reported on input line 11.
)
   defining Unicode char U+20BD (decimal 8381)

(c:/texlive/2023/texmf-dist/tex/latex/tools/array.sty
Rollback for package 'array' requested -> date 2016-10-06.
         Best approximation is the release introduced on 2016-10-06.

(c:/texlive/2023/texmf-dist/tex/latex/tools/array-2016-10-06.sty
Package: array 2016/10/06 v2.4d Tabular extension package (FMi)
\col@sep=\dimen142
\extrarowheight=\dimen143
\NC@list=\toks19
\extratabsurround=\skip50
\backup@length=\skip51
))
(c:/texlive/2023/texmf-dist/tex/generic/infwarerr/infwarerr.sty
package info suppressed
) (./doxygen.sty
Package: doxygen 
(c:/texlive/2023/texmf-dist/tex/latex/base/alltt.sty
Package: alltt 2021/01/29 v2.0g defines alltt environment
)
(c:/texlive/2023/texmf-dist/tex/latex/tools/calc.sty
Package: calc 2017/05/25 v4.3 Infix arithmetic (KKT,FJ)
\calc@Acount=\count196
\calc@Bcount=\count197
\calc@Adimen=\dimen144
\calc@Bdimen=\dimen145
\calc@Askip=\skip52
\calc@Bskip=\skip53
LaTeX Info: Redefining \setlength on input line 80.
LaTeX Info: Redefining \addtolength on input line 81.
\calc@Ccount=\count198
\calc@Cskip=\skip54
)
(c:/texlive/2023/texmf-dist/tex/latex/float/float.sty
Package: float 2001/11/08 v1.3d Float enhancements (AL)
\c@float@type=\count199
\float@exts=\toks20
\float@box=\box51
\@float@everytoks=\toks21
\@floatcapt=\box52
)
(c:/texlive/2023/texmf-dist/tex/latex/tools/verbatim.sty
Package: verbatim 2022-07-02 v1.5u LaTeX2e package for verbatim enhancements
\every@verbatim=\toks22
\verbatim@line=\toks23
\verbatim@in@stream=\read3
)
(c:/texlive/2023/texmf-dist/tex/latex/xcolor/xcolor.sty
Package: xcolor 2022/06/12 v2.14 LaTeX color extensions (UK)

(c:/texlive/2023/texmf-dist/tex/latex/graphics-cfg/color.cfg
File: color.cfg 2016/01/02 v1.6 sample color configuration
)
Package xcolor Info: Driver file: pdftex.def on input line 227.

(c:/texlive/2023/texmf-dist/tex/latex/graphics-def/pdftex.def
File: pdftex.def 2022/09/22 v1.2b Graphics/color driver for pdftex
)
(c:/texlive/2023/texmf-dist/tex/latex/colortbl/colortbl.sty
Package: colortbl 2022/06/20 v1.0f Color table columns (DPC)
\everycr=\toks24
\minrowclearance=\skip55
\rownum=\count266
)
(c:/texlive/2023/texmf-dist/tex/latex/graphics/mathcolor.ltx)
Package xcolor Info: Model `cmy' substituted by `cmy0' on input line 1353.
Package xcolor Info: Model `hsb' substituted by `rgb' on input line 1357.
Package xcolor Info: Model `RGB' extended on input line 1369.
Package xcolor Info: Model `HTML' substituted by `rgb' on input line 1371.
Package xcolor Info: Model `Hsb' substituted by `hsb' on input line 1372.
Package xcolor Info: Model `tHsb' substituted by `hsb' on input line 1373.
Package xcolor Info: Model `HSB' substituted by `hsb' on input line 1374.
Package xcolor Info: Model `Gray' substituted by `gray' on input line 1375.
Package xcolor Info: Model `wave' substituted by `hsb' on input line 1376.
)
(./longtable_doxygen.sty
Package: longtable_doxygen 2014/10/28 v4.11 Multi-page Table package (DPC) - fr
ozen version for doxygen
\LTleft=\skip56
\LTright=\skip57
\LTpre=\skip58
\LTpost=\skip59
\LTchunksize=\count267
\LTcapwidth=\dimen146
\LT@head=\box53
\LT@firsthead=\box54
\LT@foot=\box55
\LT@lastfoot=\box56
\LT@cols=\count268
\LT@rows=\count269
\c@LT@tables=\count270
\c@LT@chunks=\count271
\LT@p@ftn=\toks25
) (./tabu_doxygen.sty
Package: tabu_doxygen 2011/02/26 v2.8 - flexible LaTeX tabulars (FC), frozen ve
rsion for doxygen

(c:/texlive/2023/texmf-dist/tex/latex/varwidth/varwidth.sty
Package: varwidth 2009/03/30 ver 0.92;  Variable-width minipages
\@vwid@box=\box57
\sift@deathcycles=\count272
\@vwid@loff=\dimen147
\@vwid@roff=\dimen148
)
\c@taburow=\count273
\tabu@nbcols=\count274
\tabu@cnt=\count275
\tabu@Xcol=\count276
\tabu@alloc=\count277
\tabu@nested=\count278
\tabu@target=\dimen149
\tabu@spreadtarget=\dimen150
\tabu@naturalX=\dimen151
\tabucolX=\dimen152
\tabu@Xsum=\dimen153
\extrarowdepth=\dimen154
\abovetabulinesep=\dimen155
\belowtabulinesep=\dimen156
\tabustrutrule=\dimen157
\tabu@thebody=\toks26
\tabu@footnotes=\toks27
\tabu@box=\box58
\tabu@arstrutbox=\box59
\tabu@hleads=\box60
\tabu@vleads=\box61
\tabu@cellskip=\skip60
)
(c:/texlive/2023/texmf-dist/tex/latex/fancyvrb/fancyvrb.sty
Package: fancyvrb 2023/01/19 4.5a verbatim text (tvz,hv)

(c:/texlive/2023/texmf-dist/tex/latex/graphics/keyval.sty
Package: keyval 2022/05/29 v1.15 key=value parser (DPC)
\KV@toks@=\toks28
)
\FV@CodeLineNo=\count279
\FV@InFile=\read4
\FV@TabBox=\box62
\c@FancyVerbLine=\count280
\FV@StepNumber=\count281
\FV@OutFile=\write3
)
(c:/texlive/2023/texmf-dist/tex/latex/tools/tabularx.sty
Package: tabularx 2020/01/15 v2.11c `tabularx' package (DPC)
\TX@col@width=\dimen158
\TX@old@table=\dimen159
\TX@old@col=\dimen160
\TX@target=\dimen161
\TX@delta=\dimen162
\TX@cols=\count282
\TX@ftn=\toks29
)
(c:/texlive/2023/texmf-dist/tex/latex/tools/multicol.sty
Package: multicol 2023/03/30 v1.9f multicolumn formatting (FMi)
\c@tracingmulticols=\count283
\mult@box=\box63
\multicol@leftmargin=\dimen163
\c@unbalance=\count284
\c@collectmore=\count285
\doublecol@number=\count286
\multicoltolerance=\count287
\multicolpretolerance=\count288
\full@width=\dimen164
\page@free=\dimen165
\premulticols=\dimen166
\postmulticols=\dimen167
\multicolsep=\skip61
\multicolbaselineskip=\skip62
\partial@page=\box64
\last@line=\box65
\mc@boxedresult=\box66
\maxbalancingoverflow=\dimen168
\mult@rightbox=\box67
\mult@grightbox=\box68
\mult@firstbox=\box69
\mult@gfirstbox=\box70
\@tempa=\box71
\@tempa=\box72
\@tempa=\box73
\@tempa=\box74
\@tempa=\box75
\@tempa=\box76
\@tempa=\box77
\@tempa=\box78
\@tempa=\box79
\@tempa=\box80
\@tempa=\box81
\@tempa=\box82
\@tempa=\box83
\@tempa=\box84
\@tempa=\box85
\@tempa=\box86
\@tempa=\box87
\@tempa=\box88
\@tempa=\box89
\@tempa=\box90
\@tempa=\box91
\@tempa=\box92
\@tempa=\box93
\@tempa=\box94
\@tempa=\box95
\@tempa=\box96
\@tempa=\box97
\@tempa=\box98
\@tempa=\box99
\@tempa=\box100
\@tempa=\box101
\@tempa=\box102
\@tempa=\box103
\@tempa=\box104
\@tempa=\box105
\@tempa=\box106
\c@minrows=\count289
\c@columnbadness=\count290
\c@finalcolumnbadness=\count291
\last@try=\dimen169
\multicolovershoot=\dimen170
\multicolundershoot=\dimen171
\mult@nat@firstbox=\box107
\colbreak@box=\box108
\mc@col@check@num=\count292
)
(c:/texlive/2023/texmf-dist/tex/latex/multirow/multirow.sty
Package: multirow 2021/03/15 v2.8 Span multiple rows of a table
\multirow@colwidth=\skip63
\multirow@cntb=\count293
\multirow@dima=\skip64
\bigstrutjot=\dimen172
)
(c:/texlive/2023/texmf-dist/tex/latex/hanging/hanging.sty
Package: hanging 2009/09/02 v1.2b hanging paragraphs and punctuation
\h@ngcommawd=\skip65
\h@ngfstopwd=\skip66
\h@ngquotewd=\skip67
\h@ngdquotewd=\skip68
\h@ngquerywd=\skip69
\h@ngexclwd=\skip70
\h@ngcolonwd=\skip71
\h@ngscolonwd=\skip72
)
(c:/texlive/2023/texmf-dist/tex/generic/iftex/ifpdf.sty
Package: ifpdf 2019/10/25 v3.4 ifpdf legacy package. Use iftex instead.

(c:/texlive/2023/texmf-dist/tex/generic/iftex/iftex.sty
Package: iftex 2022/02/03 v1.0f TeX engine tests
))
(c:/texlive/2023/texmf-dist/tex/latex/adjustbox/adjustbox.sty
Package: adjustbox 2022/10/17 v1.3a Adjusting TeX boxes (trim, clip, ...)

(c:/texlive/2023/texmf-dist/tex/latex/xkeyval/xkeyval.sty
Package: xkeyval 2022/06/16 v2.9 package option processing (HA)

(c:/texlive/2023/texmf-dist/tex/generic/xkeyval/xkeyval.tex
(c:/texlive/2023/texmf-dist/tex/generic/xkeyval/xkvutils.tex
\XKV@toks=\toks30
\XKV@tempa@toks=\toks31
)
\XKV@depth=\count294
File: xkeyval.tex 2014/12/03 v2.7a key=value parser (HA)
))
(c:/texlive/2023/texmf-dist/tex/latex/adjustbox/adjcalc.sty
Package: adjcalc 2012/05/16 v1.1 Provides advanced setlength with multiple back
-ends (calc, etex, pgfmath)
)
(c:/texlive/2023/texmf-dist/tex/latex/adjustbox/trimclip.sty
Package: trimclip 2020/08/19 v1.2 Trim and clip general TeX material

(c:/texlive/2023/texmf-dist/tex/latex/graphics/graphicx.sty
Package: graphicx 2021/09/16 v1.2d Enhanced LaTeX Graphics (DPC,SPQR)

(c:/texlive/2023/texmf-dist/tex/latex/graphics/graphics.sty
Package: graphics 2022/03/10 v1.4e Standard LaTeX Graphics (DPC,SPQR)

(c:/texlive/2023/texmf-dist/tex/latex/graphics/trig.sty
Package: trig 2021/08/11 v1.11 sin cos tan (DPC)
)
(c:/texlive/2023/texmf-dist/tex/latex/graphics-cfg/graphics.cfg
File: graphics.cfg 2016/06/04 v1.11 sample graphics configuration
)
Package graphics Info: Driver file: pdftex.def on input line 107.
)
\Gin@req@height=\dimen173
\Gin@req@width=\dimen174
)
(c:/texlive/2023/texmf-dist/tex/latex/collectbox/collectbox.sty
Package: collectbox 2022/10/17 v0.4c Collect macro arguments as boxes
\collectedbox=\box109
)
\tc@llx=\dimen175
\tc@lly=\dimen176
\tc@urx=\dimen177
\tc@ury=\dimen178
Package trimclip Info: Using driver 'tc-pdftex.def'.

(c:/texlive/2023/texmf-dist/tex/latex/adjustbox/tc-pdftex.def
File: tc-pdftex.def 2019/01/04 v2.2 Clipping driver for pdftex
))
\adjbox@Width=\dimen179
\adjbox@Height=\dimen180
\adjbox@Depth=\dimen181
\adjbox@Totalheight=\dimen182
\adjbox@pwidth=\dimen183
\adjbox@pheight=\dimen184
\adjbox@pdepth=\dimen185
\adjbox@ptotalheight=\dimen186

(c:/texlive/2023/texmf-dist/tex/latex/ifoddpage/ifoddpage.sty
Package: ifoddpage 2022/10/18 v1.2 Conditionals for odd/even page detection
\c@checkoddpage=\count295
))
(c:/texlive/2023/texmf-dist/tex/latex/amsfonts/amssymb.sty
Package: amssymb 2013/01/14 v3.01 AMS font symbols

(c:/texlive/2023/texmf-dist/tex/latex/amsfonts/amsfonts.sty
Package: amsfonts 2013/01/14 v3.01 Basic AMSFonts support
\@emptytoks=\toks32
\symAMSa=\mathgroup4
\symAMSb=\mathgroup5
LaTeX Font Info:    Redeclaring math symbol \hbar on input line 98.
LaTeX Font Info:    Overwriting math alphabet `\mathfrak' in version `bold'
(Font)                  U/euf/m/n --> U/euf/b/n on input line 106.
))
(c:/texlive/2023/texmf-dist/tex/latex/stackengine/stackengine.sty
Package: stackengine 2021/07/22 v4.11\ Stacking text and objects in convenient 
ways

(c:/texlive/2023/texmf-dist/tex/latex/etoolbox/etoolbox.sty
Package: etoolbox 2020/10/05 v2.5k e-TeX tools for LaTeX (JAW)
\etb@tempcnta=\count296
)
(c:/texlive/2023/texmf-dist/tex/generic/listofitems/listofitems.sty
(c:/texlive/2023/texmf-dist/tex/generic/listofitems/listofitems.tex
\loi_cnt_foreach_nest=\count297
\loi_nestcnt=\count298
)
Package: listofitems 2019/08/21 v1.63 Grab items in lists using user-specified 
sep char (CT)
)
\c@@stackindex=\count299
\@boxshift=\skip73
\stack@tmplength=\skip74
\temp@stkl=\skip75
\@stackedboxwidth=\skip76
\@addedbox=\box110
\@anchorbox=\box111
\@insetbox=\box112
\se@backgroundbox=\box113
\stackedbox=\box114
\@centerbox=\box115
\c@ROWcellindex@=\count300
)
(c:/texlive/2023/texmf-dist/tex/latex/enumitem/enumitem.sty
Package: enumitem 2019/06/20 v3.9 Customized lists
\labelindent=\skip77
\enit@outerparindent=\dimen187
\enit@toks=\toks33
\enit@inbox=\box116
\enit@count@id=\count301
\enitdp@description=\count302
)
(c:/texlive/2023/texmf-dist/tex/generic/alphalph/alphalph.sty
Package: alphalph 2019/12/09 v2.6 Convert numbers to letters (HO)

(c:/texlive/2023/texmf-dist/tex/generic/intcalc/intcalc.sty
Package: intcalc 2019/12/15 v1.3 Expandable calculations with integers (HO)
))
(c:/texlive/2023/texmf-dist/tex/generic/ulem/ulem.sty
\UL@box=\box117
\UL@hyphenbox=\box118
\UL@skip=\skip78
\UL@hook=\toks34
\UL@height=\dimen188
\UL@pe=\count303
\UL@pixel=\dimen189
\ULC@box=\box119
Package: ulem 2019/11/18
\ULdepth=\dimen190
)
\xrefbox=\box120
\xreflength=\skip79
\CodeWidthChar=\skip80
\CodeHeightChar=\skip81
\DoxyCodeWidth=\skip82
\c@DoxyEnumeratei=\count304
\c@DoxyEnumerateii=\count305
\c@DoxyEnumerateiii=\count306
\c@DoxyEnumerateiv=\count307
\c@DoxyEnumeratev=\count308
\c@DoxyEnumeratevi=\count309
\c@DoxyEnumeratevii=\count310
\c@DoxyEnumerateviii=\count311
\c@DoxyEnumerateix=\count312
\c@DoxyEnumeratex=\count313
\c@DoxyEnumeratexi=\count314
\c@DoxyEnumeratexii=\count315
\enitdp@DoxyEnumerate=\count316
\enitdp@DoxyItemize=\count317
\c@subsubsubsection=\count318
\c@subsubsubsubsection=\count319
\c@subsubsubsubsubsection=\count320
\c@subsubsubsubsubsubsection=\count321
)
(c:/texlive/2023/texmf-dist/tex/latex/base/makeidx.sty
Package: makeidx 2021/10/04 v1.0m Standard LaTeX package
)
(c:/texlive/2023/texmf-dist/tex/latex/base/textcomp.sty
Package: textcomp 2020/02/02 v2.0n Standard LaTeX package
)
(c:/texlive/2023/texmf-dist/tex/latex/wasysym/wasysym.sty
Package: wasysym 2020/01/19 v2.4 Wasy-2 symbol support package
\symwasy=\mathgroup6
LaTeX Font Info:    Overwriting symbol font `wasy' in version `bold'
(Font)                  U/wasy/m/n --> U/wasy/b/n on input line 93.
)
(c:/texlive/2023/texmf-dist/tex/generic/iftex/ifxetex.sty
Package: ifxetex 2019/10/25 v0.7 ifxetex legacy package. Use iftex instead.
)
(c:/texlive/2023/texmf-dist/tex/latex/base/fontenc.sty
Package: fontenc 2021/04/29 v2.0v Standard LaTeX package
)
(c:/texlive/2023/texmf-dist/tex/latex/psnfss/helvet.sty
Package: helvet 2020/03/25 PSNFSS-v9.3 (WaS) 
)
(c:/texlive/2023/texmf-dist/tex/latex/psnfss/courier.sty
Package: courier 2020/03/25 PSNFSS-v9.3 (WaS) 
)
(c:/texlive/2023/texmf-dist/tex/latex/geometry/geometry.sty
Package: geometry 2020/01/02 v5.9 Page Geometry

(c:/texlive/2023/texmf-dist/tex/generic/iftex/ifvtex.sty
Package: ifvtex 2019/10/25 v1.7 ifvtex legacy package. Use iftex instead.
)
\Gm@cnth=\count322
\Gm@cntv=\count323
\c@Gm@tempcnt=\count324
\Gm@bindingoffset=\dimen191
\Gm@wd@mp=\dimen192
\Gm@odd@mp=\dimen193
\Gm@even@mp=\dimen194
\Gm@layoutwidth=\dimen195
\Gm@layoutheight=\dimen196
\Gm@layouthoffset=\dimen197
\Gm@layoutvoffset=\dimen198
\Gm@dimlist=\toks35
)
(c:/texlive/2023/texmf-dist/tex/latex/changepage/changepage.sty
Package: changepage 2009/10/20 v1.0c check page and change page layout
\c@cp@cntr=\count325
\cp@tempcnt=\count326
LaTeX Info: Redefining \checkoddpage on input line 59.
)
(c:/texlive/2023/texmf-dist/tex/latex/fancyhdr/fancyhdr.sty
Package: fancyhdr 2022/11/09 v4.1 Extensive control of page headers and footers

\f@nch@headwidth=\skip83
\f@nch@O@elh=\skip84
\f@nch@O@erh=\skip85
\f@nch@O@olh=\skip86
\f@nch@O@orh=\skip87
\f@nch@O@elf=\skip88
\f@nch@O@erf=\skip89
\f@nch@O@olf=\skip90
\f@nch@O@orf=\skip91
)
(c:/texlive/2023/texmf-dist/tex/latex/natbib/natbib.sty
Package: natbib 2010/09/13 8.31b (PWD, AO)
\bibhang=\skip92
\bibsep=\skip93
LaTeX Info: Redefining \cite on input line 694.
\c@NAT@ctr=\count327
)
(c:/texlive/2023/texmf-dist/tex/latex/tocloft/tocloft.sty
Package: tocloft 2017/08/31 v2.3i parameterised ToC, etc., typesetting
Package tocloft Info: The document has chapter divisions on input line 51.
\cftparskip=\skip94
\cftbeforetoctitleskip=\skip95
\cftaftertoctitleskip=\skip96
\cftbeforepartskip=\skip97
\cftpartnumwidth=\skip98
\cftpartindent=\skip99
\cftbeforechapskip=\skip100
\cftchapindent=\skip101
\cftchapnumwidth=\skip102
\cftbeforesecskip=\skip103
\cftsecindent=\skip104
\cftsecnumwidth=\skip105
\cftbeforesubsecskip=\skip106
\cftsubsecindent=\skip107
\cftsubsecnumwidth=\skip108
\cftbeforesubsubsecskip=\skip109
\cftsubsubsecindent=\skip110
\cftsubsubsecnumwidth=\skip111
\cftbeforeparaskip=\skip112
\cftparaindent=\skip113
\cftparanumwidth=\skip114
\cftbeforesubparaskip=\skip115
\cftsubparaindent=\skip116
\cftsubparanumwidth=\skip117
\cftbeforeloftitleskip=\skip118
\cftafterloftitleskip=\skip119
\cftbeforefigskip=\skip120
\cftfigindent=\skip121
\cftfignumwidth=\skip122
\c@lofdepth=\count328
\c@lotdepth=\count329
\cftbeforelottitleskip=\skip123
\cftafterlottitleskip=\skip124
\cftbeforetabskip=\skip125
\cfttabindent=\skip126
\cfttabnumwidth=\skip127
)
\@indexfile=\write4
\openout4 = `refman.idx'.


Writing index file refman.idx
(c:/texlive/2023/texmf-dist/tex/latex/newunicodechar/newunicodechar.sty
Package: newunicodechar 2018/04/08 v1.2 Defining Unicode characters
)
(c:/texlive/2023/texmf-dist/tex/latex/caption/caption.sty
Package: caption 2023/08/05 v3.6o Customizing captions (AR)

(c:/texlive/2023/texmf-dist/tex/latex/caption/caption3.sty
Package: caption3 2023/07/31 v2.4d caption3 kernel (AR)
\caption@tempdima=\dimen199
\captionmargin=\dimen256
\caption@leftmargin=\dimen257
\caption@rightmargin=\dimen258
\caption@width=\dimen259
\caption@indent=\dimen260
\caption@parindent=\dimen261
\caption@hangindent=\dimen262
Package caption Info: Standard document class detected.
)
\c@caption@flags=\count330
\c@continuedfloat=\count331
Package caption Info: changepage package is loaded.
\caption@adjustwidth@hsize=\dimen263
\caption@adjustwidth@linewidth=\dimen264
Package caption Info: float package is loaded.
Package caption Info: longtable package is loaded.

(c:/texlive/2023/texmf-dist/tex/latex/caption/ltcaption.sty
Package: ltcaption 2021/01/08 v1.4c longtable captions (AR)
))
(c:/texlive/2023/texmf-dist/tex/latex/etoc/etoc.sty
Package: etoc 2023/07/01 v1.2b Completely customisable TOCs (JFB)

(c:/texlive/2023/texmf-dist/tex/latex/kvoptions/kvoptions.sty
Package: kvoptions 2022-06-15 v3.15 Key value format for package options (HO)

(c:/texlive/2023/texmf-dist/tex/generic/ltxcmds/ltxcmds.sty
Package: ltxcmds 2020-05-10 v1.25 LaTeX kernel commands for general use (HO)
)
(c:/texlive/2023/texmf-dist/tex/latex/kvsetkeys/kvsetkeys.sty
Package: kvsetkeys 2022-10-05 v1.19 Key value parser (HO)
))
\Etoc@toctoks=\toks36
\c@etoc@tocid=\count332
\etoc@framed@titlebox=\box121
\etoc@framed@contentsbox=\box122
)
LaTeX Font Info:    Trying to load font information for T1+phv on input line 16
8.

(c:/texlive/2023/texmf-dist/tex/latex/psnfss/t1phv.fd
File: t1phv.fd 2020/03/25 scalable font definitions for T1/phv.
)
LaTeX Font Info:    Font shape `T1/phv/m/n' will be
(Font)              scaled to size 8.99994pt on input line 168.

(c:/texlive/2023/texmf-dist/tex/latex/l3backend/l3backend-pdftex.def
File: l3backend-pdftex.def 2023-10-10 L3 backend support: PDF output (pdfTeX)
\l__color_backend_stack_int=\count333
\l__pdf_internal_box=\box123
)
(./refman.aux
LaTeX Font Info:    Trying to load font information for T2A+phv on input line 7
.
LaTeX Font Info:    No file T2Aphv.fd. on input line 7.
LaTeX Font Info:    Trying to load font information for T2A+cmr on input line 7
.
 (c:/texlive/2023/texmf-dist/tex/latex/cyrillic/t2acmr.fd
File: t2acmr.fd 2001/08/11 v1.0a Computer Modern Cyrillic font definitions
)

LaTeX Font Warning: Font shape `T2A/phv/m/n' undefined
(Font)              using `T2A/cmr/m/n' instead on input line 7.

)
\openout1 = `refman.aux'.

LaTeX Font Info:    Checking defaults for OML/cmm/m/it on input line 168.
LaTeX Font Info:    ... okay on input line 168.
LaTeX Font Info:    Checking defaults for OMS/cmsy/m/n on input line 168.
LaTeX Font Info:    ... okay on input line 168.
LaTeX Font Info:    Checking defaults for OT1/cmr/m/n on input line 168.
LaTeX Font Info:    ... okay on input line 168.
LaTeX Font Info:    Checking defaults for T1/cmr/m/n on input line 168.
LaTeX Font Info:    ... okay on input line 168.
LaTeX Font Info:    Checking defaults for TS1/cmr/m/n on input line 168.
LaTeX Font Info:    ... okay on input line 168.
LaTeX Font Info:    Checking defaults for OMX/cmex/m/n on input line 168.
LaTeX Font Info:    ... okay on input line 168.
LaTeX Font Info:    Checking defaults for U/cmr/m/n on input line 168.
LaTeX Font Info:    ... okay on input line 168.
LaTeX Font Info:    Checking defaults for T2A/cmr/m/n on input line 168.
LaTeX Font Info:    ... okay on input line 168.
LaTeX Info: Redefining \th on input line 168.
 (c:/texlive/2023/texmf-dist/tex/context/base/mkii/supp-pdf.mkii
[Loading MPS to PDF converter (version 2006.09.02).]
\scratchcounter=\count334
\scratchdimen=\dimen265
\scratchbox=\box124
\nofMPsegments=\count335
\nofMParguments=\count336
\everyMPshowfont=\toks37
\MPscratchCnt=\count337
\MPscratchDim=\dimen266
\MPnumerator=\count338
\makeMPintoPDFobject=\count339
\everyMPtoPDFconversion=\toks38
) (c:/texlive/2023/texmf-dist/tex/latex/epstopdf-pkg/epstopdf-base.sty
Package: epstopdf-base 2020-01-24 v2.11 Base part for package epstopdf
Package epstopdf-base Info: Redefining graphics rule for `.eps' on input line 4
85.

(c:/texlive/2023/texmf-dist/tex/latex/latexconfig/epstopdf-sys.cfg
File: epstopdf-sys.cfg 2010/07/13 v1.3 Configuration of (r)epstopdf for TeX Liv
e
))
*geometry* driver: auto-detecting
*geometry* detected driver: pdftex
*geometry* verbose mode - [ preamble ] result:
* driver: pdftex
* paper: a4paper
* layout: <same size as paper>
* layoutoffset:(h,v)=(0.0pt,0.0pt)
* modes: twoside 
* h-part:(L,W,R)=(71.13188pt, 455.24411pt, 71.13188pt)
* v-part:(T,H,B)=(71.13188pt, 702.78308pt, 71.13188pt)
* \paperwidth=597.50787pt
* \paperheight=845.04684pt
* \textwidth=455.24411pt
* \textheight=702.78308pt
* \oddsidemargin=-1.1381pt
* \evensidemargin=-1.1381pt
* \topmargin=-31.2056pt
* \headheight=12.0pt
* \headsep=18.06749pt
* \topskip=10.0pt
* \footskip=25.29494pt
* \marginparwidth=125.0pt
* \marginparsep=7.0pt
* \columnsep=10.0pt
* \skip\footins=9.0pt plus 4.0pt minus 2.0pt
* \hoffset=0.0pt
* \voffset=0.0pt
* \mag=1000
* \@twocolumnfalse
* \@twosidetrue
* \@mparswitchtrue
* \@reversemarginfalse
* (1in=72.27pt=25.4mm, 1cm=28.453pt)

Package caption Info: Begin \AtBeginDocument code.
Package caption Info: End \AtBeginDocument code.
\Etoc@tf=\read5
[1


{c:/texlive/2023/texmf-var/fonts/map/pdftex/updmap/pdftex.map}{c:/texlive/2023/
texmf-dist/fonts/enc/dvips/cm-super/cm-super-t2a.enc}] [2

]
\tf@toc=\write5
\openout5 = `refman.toc'.



LaTeX Font Warning: Font shape `T2A/phv/b/n' undefined
(Font)              using `T2A/phv/m/n' instead on input line 183.

LaTeX Font Info:    Trying to load font information for U+msa on input line 183
.
(c:/texlive/2023/texmf-dist/tex/latex/amsfonts/umsa.fd
File: umsa.fd 2013/01/14 v3.01 AMS symbols A
)
LaTeX Font Info:    Trying to load font information for U+msb on input line 183
.

(c:/texlive/2023/texmf-dist/tex/latex/amsfonts/umsb.fd
File: umsb.fd 2013/01/14 v3.01 AMS symbols B
)
LaTeX Font Info:    Trying to load font information for U+wasy on input line 18
3.

(c:/texlive/2023/texmf-dist/tex/latex/wasysym/uwasy.fd
File: uwasy.fd 2020/01/19 v2.4 Wasy-2 symbol font definitions
) [1] [2] [3] [4]
[5] [6]
Underfull \hbox (badness 5359) in paragraph at lines 183--183
 [][] \T2A/phv/b/n/10 6.34 bym.[]BYM[]_[]project.[]main[]_[]app.[]recommendatio
n[]_[]system.[]Recommendation[]System Class 
 []

[7] [8] [9] [10]
{\cyrillictext \CYRG \cyrl \cyra \cyrv \cyra } 1.
(./namespaces.tex) [1


]
LaTeX Font Info:    Font shape `T1/phv/b/n' will be
(Font)              scaled to size 8.99994pt on input line 188.
 [2

]
{\cyrillictext \CYRG \cyrl \cyra \cyrv \cyra } 2.
(./hierarchy.tex [3]) [4]
{\cyrillictext \CYRG \cyrl \cyra \cyrv \cyra } 3.
(./annotated.tex
Underfull \hbox (badness 10000) in paragraph at lines 7--7
 []  
 []


Underfull \hbox (badness 10000) in paragraph at lines 14--14
 []  
 []


Underfull \hbox (badness 10000) in paragraph at lines 20--20
 []  
 []


Underfull \hbox (badness 10000) in paragraph at lines 23--23
 []  
 []


Underfull \hbox (badness 10000) in paragraph at lines 35--35
 []  
 []

[5

]
Underfull \hbox (badness 10000) in paragraph at lines 44--44
 []  
 []


Underfull \hbox (badness 10000) in paragraph at lines 72--72
 []  
 []


Underfull \hbox (badness 10000) in paragraph at lines 82--82
 []  
 []

[6]
Underfull \hbox (badness 10000) in paragraph at lines 91--91
 []  
 []


Underfull \hbox (badness 10000) in paragraph at lines 95--95
 []  
 []


Underfull \hbox (badness 10000) in paragraph at lines 98--98
 []  
 []


Underfull \hbox (badness 10000) in paragraph at lines 102--102
 []  
 []

) [7] [8

]
{\cyrillictext \CYRG \cyrl \cyra \cyrv \cyra } 4.
(./files.tex) [9] [10

]
{\cyrillictext \CYRG \cyrl \cyra \cyrv \cyra } 5.
(./namespacebym.tex
LaTeX Font Info:    Trying to load font information for TS1+phv on input line 6
.
 (c:/texlive/2023/texmf-dist/tex/latex/psnfss/ts1phv.fd
File: ts1phv.fd 2020/03/25 scalable font definitions for TS1/phv.
)
LaTeX Font Info:    Font shape `TS1/phv/m/n' will be
(Font)              scaled to size 8.99994pt on input line 6.
)
(./namespacebym_1_1_b_y_m__project.tex)
(./namespacebym_1_1_b_y_m__project_1_1main__app.tex)
(./namespacebym_1_1_b_y_m__project_1_1main__app_1_1admin.tex)
(./namespacebym_1_1_b_y_m__project_1_1main__app_1_1apps.tex)
(./namespacebym_1_1_b_y_m__project_1_1main__app_1_1cart.tex [11{c:/texlive/2023
/texmf-dist/fonts/enc/dvips/base/8r.enc}]

LaTeX Font Warning: Font shape `T2A/phv/m/it' undefined
(Font)              using `T2A/phv/m/n' instead on input line 7.

) (./namespacebym_1_1_b_y_m__project_1_1main__app_1_1config.tex
LaTeX Font Info:    Trying to load font information for T2A+pcr on input line 1
7.
LaTeX Font Info:    No file T2Apcr.fd. on input line 17.


LaTeX Font Warning: Font shape `T2A/pcr/m/n' undefined
(Font)              using `T2A/cmr/m/n' instead on input line 17.

) (./namespacebym_1_1_b_y_m__project_1_1main__app_1_1conversions__functions.tex
[12]

LaTeX Font Warning: Font shape `T2A/pcr/m/it' undefined
(Font)              using `T2A/pcr/m/n' instead on input line 17.


Underfull \hbox (badness 10000) detected at line 28
[][][]
 []

[13]
Underfull \hbox (badness 10000) detected at line 58
[][][]
 []

) (./namespacebym_1_1_b_y_m__project_1_1main__app_1_1forms.tex)
(./namespacebym_1_1_b_y_m__project_1_1main__app_1_1functions__backend.tex
LaTeX Font Info:    Font shape `TS1/phv/m/it' in size <9> not available
(Font)              Font shape `TS1/phv/m/sl' tried instead on input line 13.
LaTeX Font Info:    Font shape `TS1/phv/m/sl' will be
(Font)              scaled to size 8.09995pt on input line 13.

[14]
Underfull \hbox (badness 10000) detected at line 36
[][][]
 []


Underfull \hbox (badness 10000) detected at line 53
[][][]
 []


Underfull \hbox (badness 10000) detected at line 75
[][][]
 []

[15]
Underfull \hbox (badness 10000) detected at line 101
[][][]
 []


Underfull \hbox (badness 10000) detected at line 144
[][][]
 []

) (./namespacebym_1_1_b_y_m__project_1_1main__app_1_1models.tex
Underfull \hbox (badness 10000) in paragraph at lines 7--10

 []

[16]
Underfull \hbox (badness 10000) in paragraph at lines 12--17

 []


Underfull \hbox (badness 10000) in paragraph at lines 19--24

 []


Underfull \hbox (badness 10000) in paragraph at lines 26--28

 []


Underfull \hbox (badness 10000) in paragraph at lines 30--41

 []


Underfull \hbox (badness 10000) in paragraph at lines 45--49

 []


Underfull \hbox (badness 10000) in paragraph at lines 53--61

 []


Underfull \hbox (badness 10000) in paragraph at lines 63--72

 []

[17]
Underfull \hbox (badness 10000) in paragraph at lines 74--77

 []


Underfull \hbox (badness 10000) in paragraph at lines 79--82

 []


Underfull \hbox (badness 10000) in paragraph at lines 84--86

 []


Underfull \hbox (badness 10000) in paragraph at lines 88--91

 []

) (./namespacebym_1_1_b_y_m__project_1_1main__app_1_1parser.tex)
(./namespacebym_1_1_b_y_m__project_1_1main__app_1_1recommendation__system.tex
[18]) (./namespacebym_1_1_b_y_m__project_1_1main__app_1_1search.tex)
(./namespacebym_1_1_b_y_m__project_1_1main__app_1_1serializers.tex)
(./namespacebym_1_1_b_y_m__project_1_1main__app_1_1tests.tex)
(./namespacebym_1_1_b_y_m__project_1_1main__app_1_1views.tex [19]) [20]
{\cyrillictext \CYRG \cyrl \cyra \cyrv \cyra } 6.
(./classbym_1_1_b_y_m__project_1_1main__app_1_1cart_1_1_cart.tex [21

]
Underfull \hbox (badness 10000) detected at line 97
[][][]
 []

[22] [23]
Underfull \hbox (badness 10000) detected at line 119
[][][]
 []


Underfull \hbox (badness 2772) in paragraph at lines 120--121
[]\T2A/phv/bc/n/10 categories[]_[]list[{"category"[]: string, "category[]_[]amo
unt"[]: int, "category[]_[]unit[]_[]name"[]: string,
 []


Underfull \hbox (badness 10000) detected at line 136
[][][]
 []

) (./classbym_1_1_b_y_m__project_1_1main__app_1_1models_1_1_category.tex
Underfull \hbox (badness 10000) in paragraph at lines 5--8

 []

 <./classbym_1_1_b_y_m__project_1_1main__app_1_1models_1_1_category.pdf>
<classbym_1_1_b_y_m__project_1_1main__app_1_1models_1_1_category.pdf, id=125, 5
01.875pt x 144.41956pt>
File: classbym_1_1_b_y_m__project_1_1main__app_1_1models_1_1_category.pdf Graph
ic file (type pdf)
<use classbym_1_1_b_y_m__project_1_1main__app_1_1models_1_1_category.pdf>
Package pdftex.def Info: classbym_1_1_b_y_m__project_1_1main__app_1_1models_1_1
_category.pdf  used on input line 14.
(pdftex.def)             Requested size: 197.75217pt x 56.9055pt.

[24]
Underfull \hbox (badness 10000) in paragraph at lines 40--43

 []

[25])
(./classbym_1_1_b_y_m__project_1_1main__app_1_1views_1_1_change_cart_api.tex <.
/classbym_1_1_b_y_m__project_1_1main__app_1_1views_1_1_change_cart_api.pdf>
<classbym_1_1_b_y_m__project_1_1main__app_1_1views_1_1_change_cart_api.pdf, id=
138, 501.875pt x 131.2102pt>
File: classbym_1_1_b_y_m__project_1_1main__app_1_1views_1_1_change_cart_api.pdf
 Graphic file (type pdf)
<use classbym_1_1_b_y_m__project_1_1main__app_1_1views_1_1_change_cart_api.pdf>

Package pdftex.def Info: classbym_1_1_b_y_m__project_1_1main__app_1_1views_1_1_
change_cart_api.pdf  used on input line 6.
(pdftex.def)             Requested size: 217.66292pt x 56.9055pt.
)
(./classbym_1_1_b_y_m__project_1_1main__app_1_1models_1_1_conversion.tex
Underfull \hbox (badness 10000) in paragraph at lines 5--10

 []

 <./classbym_1_1_b_y_m__project_1_1main__app_1_1models_1_1_conversion.pdf>
<classbym_1_1_b_y_m__project_1_1main__app_1_1models_1_1_conversion.pdf, id=144,
 501.875pt x 137.97548pt>
File: classbym_1_1_b_y_m__project_1_1main__app_1_1models_1_1_conversion.pdf Gra
phic file (type pdf)
<use classbym_1_1_b_y_m__project_1_1main__app_1_1models_1_1_conversion.pdf>
Package pdftex.def Info: classbym_1_1_b_y_m__project_1_1main__app_1_1models_1_1
_conversion.pdf  used on input line 16.
(pdftex.def)             Requested size: 206.98769pt x 56.9055pt.

[26]
Underfull \hbox (badness 7116) in paragraph at lines 33--35
[] \T2A/phv/bc/n/10 from[]_[]unit = models.[]Foreign[]Key( Unit[]Of[]Measure, r
elated[]_[]name=\TS1/phv/m/n/10 '\T2A/phv/bc/n/10 from[]_[]unit\TS1/phv/m/n/10 
'\T2A/phv/bc/n/10 ,  on[]_[]
 []


Underfull \hbox (badness 10000) in paragraph at lines 42--47

 []


Underfull \hbox (badness 2376) in paragraph at lines 78--79
\T2A/pcr/m/it/8 bym.[]BYM[]_[]project.[]main[]_[]app.[]models.[]Conversion.[]co
efficient = models.[]Decimal[]Field(max[]_[]digits=4 + 4, decimal[]_[]
 []

[27]

LaTeX Font Warning: Font shape `T2A/pcr/b/n' undefined
(Font)              using `T2A/pcr/m/n' instead on input line 88.

LaTeX Font Info:    Trying to load font information for TS1+pcr on input line 8
8.
(c:/texlive/2023/texmf-dist/tex/latex/psnfss/ts1pcr.fd
File: ts1pcr.fd 2001/06/04 font definitions for TS1/pcr.
)
Underfull \hbox (badness 10000) in paragraph at lines 88--89
\T2A/pcr/b/n/8 bym.[]BYM[]_[]project.[]main[]_[]app.[]models.[]Conversion.[]fro
m[]_[]unit = models.[]Foreign[]Key( Unit[]Of[]Measure, related[]_[]
 []

) (./classbym_1_1_b_y_m__project_1_1main__app_1_1models_1_1_cooking_stage.tex
Underfull \hbox (badness 10000) in paragraph at lines 5--10

 []

 <./classbym_1_1_b_y_m__project_1_1main__app_1_1models_1_1_cooking_stage.pdf>
<classbym_1_1_b_y_m__project_1_1main__app_1_1models_1_1_cooking_stage.pdf, id=1
56, 501.875pt x 132.07343pt>
File: classbym_1_1_b_y_m__project_1_1main__app_1_1models_1_1_cooking_stage.pdf 
Graphic file (type pdf)
<use classbym_1_1_b_y_m__project_1_1main__app_1_1models_1_1_cooking_stage.pdf>
Package pdftex.def Info: classbym_1_1_b_y_m__project_1_1main__app_1_1models_1_1
_cooking_stage.pdf  used on input line 16.
(pdftex.def)             Requested size: 216.23854pt x 56.9055pt.

[28]
Underfull \hbox (badness 10000) in paragraph at lines 42--47

 []


Underfull \hbox (badness 10000) in paragraph at lines 88--89
\T2A/pcr/b/n/8 bym.[]BYM[]_[]project.[]main[]_[]app.[]models.[]Cooking[]Stage.[
]image = models.[]Image[]Field(null=True, blank=True, max[]_[]
 []

[29]) (./classbym_1_1_b_y_m__project_1_1main__app_1_1models_1_1_country.tex
Underfull \hbox (badness 10000) in paragraph at lines 5--7

 []

 <./classbym_1_1_b_y_m__project_1_1main__app_1_1models_1_1_country.pdf>
<classbym_1_1_b_y_m__project_1_1main__app_1_1models_1_1_country.pdf, id=169, 50
1.875pt x 148.1535pt>
File: classbym_1_1_b_y_m__project_1_1main__app_1_1models_1_1_country.pdf Graphi
c file (type pdf)
<use classbym_1_1_b_y_m__project_1_1main__app_1_1models_1_1_country.pdf>
Package pdftex.def Info: classbym_1_1_b_y_m__project_1_1main__app_1_1models_1_1
_country.pdf  used on input line 13.
(pdftex.def)             Requested size: 192.76682pt x 56.9055pt.

Underfull \hbox (badness 10000) in paragraph at lines 31--33

 []

[30]) (./classbym_1_1_b_y_m__project_1_1main__app_1_1models_1_1_dish.tex
Underfull \hbox (badness 10000) in paragraph at lines 5--16

 []

 <./classbym_1_1_b_y_m__project_1_1main__app_1_1models_1_1_dish.pdf>
<classbym_1_1_b_y_m__project_1_1main__app_1_1models_1_1_dish.pdf, id=179, 501.8
75pt x 159.9576pt>
File: classbym_1_1_b_y_m__project_1_1main__app_1_1models_1_1_dish.pdf Graphic f
ile (type pdf)
<use classbym_1_1_b_y_m__project_1_1main__app_1_1models_1_1_dish.pdf>
Package pdftex.def Info: classbym_1_1_b_y_m__project_1_1main__app_1_1models_1_1
_dish.pdf  used on input line 22.
(pdftex.def)             Requested size: 178.53827pt x 56.9055pt.

Underfull \hbox (badness 10000) in paragraph at lines 60--71

 []

[31] [32]
Underfull \hbox (badness 10000) in paragraph at lines 142--143
\T2A/pcr/b/n/8 bym.[]BYM[]_[]project.[]main[]_[]app.[]models.[]Dish.[]image = m
odels.[]Image[]Field(null=True, blank=True, max[]_[]length=130)
 []


Underfull \hbox (badness 1226) in paragraph at lines 192--193
\T2A/pcr/b/n/8 bym.[]BYM[]_[]project.[]main[]_[]app.[]models.[]Dish.[]subtype =
 models.[]Foreign[]Key( Sub[]Type,  on[]_[]delete=models.[]CASCADE)
 []

) (./classbym_1_1_b_y_m__project_1_1main__app_1_1models_1_1_dish_category.tex
[33] <./classbym_1_1_b_y_m__project_1_1main__app_1_1models_1_1_dish_category.pd
f>
<classbym_1_1_b_y_m__project_1_1main__app_1_1models_1_1_dish_category.pdf, id=1
95, 501.875pt x 132.50504pt>
File: classbym_1_1_b_y_m__project_1_1main__app_1_1models_1_1_dish_category.pdf 
Graphic file (type pdf)
<use classbym_1_1_b_y_m__project_1_1main__app_1_1models_1_1_dish_category.pdf>
Package pdftex.def Info: classbym_1_1_b_y_m__project_1_1main__app_1_1models_1_1
_dish_category.pdf  used on input line 11.
(pdftex.def)             Requested size: 215.53401pt x 56.9055pt.

Underfull \hbox (badness 10000) in paragraph at lines 39--44

 []


Underfull \hbox (badness 2253) in paragraph at lines 55--56
\T2A/pcr/b/n/8 bym.[]BYM[]_[]project.[]main[]_[]app.[]models.[]Dish[]Category.[
]amount = models.[]Decimal[]Field(max[]_[]digits=4 + 4, decimal[]_[]
 []


Underfull \hbox (badness 1337) in paragraph at lines 65--66
\T2A/pcr/b/n/8 bym.[]BYM[]_[]project.[]main[]_[]app.[]models.[]Dish[]Category.[
]category = models.[]Foreign[]Key( Category,  on[]_[]delete=models.[]
 []

[34])
(./classbym_1_1_b_y_m__project_1_1main__app_1_1views_1_1_home_page_api.tex <./c
lassbym_1_1_b_y_m__project_1_1main__app_1_1views_1_1_home_page_api.pdf>
<classbym_1_1_b_y_m__project_1_1main__app_1_1views_1_1_home_page_api.pdf, id=20
4, 501.875pt x 134.28168pt>
File: classbym_1_1_b_y_m__project_1_1main__app_1_1views_1_1_home_page_api.pdf G
raphic file (type pdf)
<use classbym_1_1_b_y_m__project_1_1main__app_1_1views_1_1_home_page_api.pdf>
Package pdftex.def Info: classbym_1_1_b_y_m__project_1_1main__app_1_1views_1_1_
home_page_api.pdf  used on input line 6.
(pdftex.def)             Requested size: 212.67758pt x 56.9055pt.

[35]) (./classbym_1_1_b_y_m__project_1_1main__app_1_1parser_1_1_lavka.tex <./cl
assbym_1_1_b_y_m__project_1_1main__app_1_1parser_1_1_lavka.pdf>
<classbym_1_1_b_y_m__project_1_1main__app_1_1parser_1_1_lavka.pdf, id=213, 501.
875pt x 153.24251pt>
File: classbym_1_1_b_y_m__project_1_1main__app_1_1parser_1_1_lavka.pdf Graphic 
file (type pdf)
<use classbym_1_1_b_y_m__project_1_1main__app_1_1parser_1_1_lavka.pdf>
Package pdftex.def Info: classbym_1_1_b_y_m__project_1_1main__app_1_1parser_1_1
_lavka.pdf  used on input line 11.
(pdftex.def)             Requested size: 186.36473pt x 56.9055pt.
 [36] [37]
[38])
(./classbym_1_1_b_y_m__project_1_1main__app_1_1apps_1_1_main_app_config.tex <./
classbym_1_1_b_y_m__project_1_1main__app_1_1apps_1_1_main_app_config.pdf>
<classbym_1_1_b_y_m__project_1_1main__app_1_1apps_1_1_main_app_config.pdf, id=2
29, 501.875pt x 132.94669pt>
File: classbym_1_1_b_y_m__project_1_1main__app_1_1apps_1_1_main_app_config.pdf 
Graphic file (type pdf)
<use classbym_1_1_b_y_m__project_1_1main__app_1_1apps_1_1_main_app_config.pdf>
Package pdftex.def Info: classbym_1_1_b_y_m__project_1_1main__app_1_1apps_1_1_m
ain_app_config.pdf  used on input line 6.
(pdftex.def)             Requested size: 214.81415pt x 56.9055pt.

[39]) (./classbym_1_1_b_y_m__project_1_1main__app_1_1models_1_1_menu.tex
Underfull \hbox (badness 10000) in paragraph at lines 5--9

 []

 <./classbym_1_1_b_y_m__project_1_1main__app_1_1models_1_1_menu.pdf>
<classbym_1_1_b_y_m__project_1_1main__app_1_1models_1_1_menu.pdf, id=238, 501.8
75pt x 155.6214pt>
File: classbym_1_1_b_y_m__project_1_1main__app_1_1models_1_1_menu.pdf Graphic f
ile (type pdf)
<use classbym_1_1_b_y_m__project_1_1main__app_1_1models_1_1_menu.pdf>
Package pdftex.def Info: classbym_1_1_b_y_m__project_1_1main__app_1_1models_1_1
_menu.pdf  used on input line 15.
(pdftex.def)             Requested size: 183.51596pt x 56.9055pt.
 [40]
Underfull \hbox (badness 10000) in paragraph at lines 39--43

 []

)
(./classbym_1_1_b_y_m__project_1_1main__app_1_1models_1_1_category_1_1_meta.tex
[41])
(./classbym_1_1_b_y_m__project_1_1main__app_1_1models_1_1_conversion_1_1_meta.t
ex
Underfull \hbox (badness 1331) in paragraph at lines 24--25
\T2A/pcr/b/n/8 str bym.[]BYM[]_[]project.[]main[]_[]app.[]models.[]Conversion.[
]Meta.[]verbose[]_[]name = \TS1/pcr/m/n/8 '\T2A/pcr/b/n/8 Пре-об-ра-зо-ва-ние е
ди-ни-цы из-ме-ре-ния\TS1/pcr/m/n/8 '
 []

[42])
(./classbym_1_1_b_y_m__project_1_1main__app_1_1models_1_1_cooking_stage_1_1_met
a.tex)
(./classbym_1_1_b_y_m__project_1_1main__app_1_1models_1_1_country_1_1_meta.tex
[43])
(./classbym_1_1_b_y_m__project_1_1main__app_1_1models_1_1_dish_1_1_meta.tex
[44])
(./classbym_1_1_b_y_m__project_1_1main__app_1_1models_1_1_dish_category_1_1_met
a.tex)
(./classbym_1_1_b_y_m__project_1_1main__app_1_1models_1_1_menu_1_1_meta.tex
[45])
(./classbym_1_1_b_y_m__project_1_1main__app_1_1models_1_1_order_1_1_meta.tex
[46])
(./classbym_1_1_b_y_m__project_1_1main__app_1_1models_1_1_product_1_1_meta.tex)

(./classbym_1_1_b_y_m__project_1_1main__app_1_1models_1_1_product_log_1_1_meta.
tex [47])
(./classbym_1_1_b_y_m__project_1_1main__app_1_1models_1_1_shop_1_1_meta.tex
[48])
(./classbym_1_1_b_y_m__project_1_1main__app_1_1models_1_1_sub_type_1_1_meta.tex
) (./classbym_1_1_b_y_m__project_1_1main__app_1_1models_1_1_type_1_1_meta.tex
[49])
(./classbym_1_1_b_y_m__project_1_1main__app_1_1models_1_1_unit_of_measure_1_1_m
eta.tex [50])
(./classbym_1_1_b_y_m__project_1_1main__app_1_1models_1_1_user_1_1_meta.tex)
(./classbym_1_1_b_y_m__project_1_1main__app_1_1serializers_1_1_user_serializer_
1_1_meta.tex [51])
(./classbym_1_1_b_y_m__project_1_1main__app_1_1models_1_1_order.tex <./classbym
_1_1_b_y_m__project_1_1main__app_1_1models_1_1_order.pdf>
<classbym_1_1_b_y_m__project_1_1main__app_1_1models_1_1_order.pdf, id=282, 501.
875pt x 154.42694pt>
File: classbym_1_1_b_y_m__project_1_1main__app_1_1models_1_1_order.pdf Graphic 
file (type pdf)
<use classbym_1_1_b_y_m__project_1_1main__app_1_1models_1_1_order.pdf>
Package pdftex.def Info: classbym_1_1_b_y_m__project_1_1main__app_1_1models_1_1
_order.pdf  used on input line 11.
(pdftex.def)             Requested size: 184.9327pt x 56.9055pt.
 [52]
Underfull \hbox (badness 10000) in paragraph at lines 37--41

 []

[53])
(./classbym_1_1_b_y_m__project_1_1main__app_1_1views_1_1_parse_products_api.tex
 <./classbym_1_1_b_y_m__project_1_1main__app_1_1views_1_1_parse_products_api.pd
f>
<classbym_1_1_b_y_m__project_1_1main__app_1_1views_1_1_parse_products_api.pdf, 
id=294, 501.875pt x 125.07729pt>
File: classbym_1_1_b_y_m__project_1_1main__app_1_1views_1_1_parse_products_api.
pdf Graphic file (type pdf)
<use classbym_1_1_b_y_m__project_1_1main__app_1_1views_1_1_parse_products_api.p
df>
Package pdftex.def Info: classbym_1_1_b_y_m__project_1_1main__app_1_1views_1_1_
parse_products_api.pdf  used on input line 6.
(pdftex.def)             Requested size: 228.33817pt x 56.9055pt.
) (./classbym_1_1_b_y_m__project_1_1main__app_1_1parser_1_1_parser.tex <./class
bym_1_1_b_y_m__project_1_1main__app_1_1parser_1_1_parser.pdf>
<classbym_1_1_b_y_m__project_1_1main__app_1_1parser_1_1_parser.pdf, id=300, 501
.875pt x 153.24251pt>
File: classbym_1_1_b_y_m__project_1_1main__app_1_1parser_1_1_parser.pdf Graphic
 file (type pdf)
<use classbym_1_1_b_y_m__project_1_1main__app_1_1parser_1_1_parser.pdf>
Package pdftex.def Info: classbym_1_1_b_y_m__project_1_1main__app_1_1parser_1_1
_parser.pdf  used on input line 11.
(pdftex.def)             Requested size: 186.36473pt x 56.9055pt.
 [54] [55])
(./classbym_1_1_b_y_m__project_1_1main__app_1_1models_1_1_product.tex
Underfull \hbox (badness 10000) in paragraph at lines 5--13

 []

[56] <./classbym_1_1_b_y_m__project_1_1main__app_1_1models_1_1_product.pdf>
<classbym_1_1_b_y_m__project_1_1main__app_1_1models_1_1_product.pdf, id=316, 50
1.875pt x 148.70555pt>
File: classbym_1_1_b_y_m__project_1_1main__app_1_1models_1_1_product.pdf Graphi
c file (type pdf)
<use classbym_1_1_b_y_m__project_1_1main__app_1_1models_1_1_product.pdf>
Package pdftex.def Info: classbym_1_1_b_y_m__project_1_1main__app_1_1models_1_1
_product.pdf  used on input line 19.
(pdftex.def)             Requested size: 192.05463pt x 56.9055pt.

Underfull \hbox (badness 10000) in paragraph at lines 51--59

 []

[57]
Underfull \hbox (badness 7451) in paragraph at lines 130--131
\T2A/pcr/b/n/8 bym.[]BYM[]_[]project.[]main[]_[]app.[]models.[]Product.[]unit =
 models.[]Foreign[]Key( Unit[]Of[]Measure,  on[]_[]delete=models.[]
 []

) (./classbym_1_1_b_y_m__project_1_1main__app_1_1models_1_1_product_log.tex
Underfull \hbox (badness 10000) in paragraph at lines 5--14

 []

[58] <./classbym_1_1_b_y_m__project_1_1main__app_1_1models_1_1_product_log.pdf>
<classbym_1_1_b_y_m__project_1_1main__app_1_1models_1_1_product_log.pdf, id=328
, 501.875pt x 137.97548pt>
File: classbym_1_1_b_y_m__project_1_1main__app_1_1models_1_1_product_log.pdf Gr
aphic file (type pdf)
<use classbym_1_1_b_y_m__project_1_1main__app_1_1models_1_1_product_log.pdf>
Package pdftex.def Info: classbym_1_1_b_y_m__project_1_1main__app_1_1models_1_1
_product_log.pdf  used on input line 20.
(pdftex.def)             Requested size: 206.98769pt x 56.9055pt.

Underfull \hbox (badness 10000) in paragraph at lines 54--63

 []

[59] [60]
Underfull \hbox (badness 1210) in paragraph at lines 154--155
\T2A/pcr/b/n/8 bym.[]BYM[]_[]project.[]main[]_[]app.[]models.[]Product[]Log.[]s
hop = models.[]Foreign[]Key( Shop,  on[]_[]delete=models.[]CASCADE)
 []


Underfull \hbox (badness 1152) in paragraph at lines 164--165
\T2A/pcr/b/n/8 bym.[]BYM[]_[]project.[]main[]_[]app.[]models.[]Product[]Log.[]u
nit = models.[]Foreign[]Key( Unit[]Of[]Measure,  on[]_[]delete=models.[]
 []

)
(./classbym_1_1_b_y_m__project_1_1main__app_1_1recommendation__system_1_1_recom
mendation_system.tex [61])
(./classbym_1_1_b_y_m__project_1_1main__app_1_1search_1_1_search_dish.tex
[62]
LaTeX Font Info:    Font shape `TS1/pcr/m/it' in size <8> not available
(Font)              Font shape `TS1/pcr/m/sl' tried instead on input line 48.

Overfull \vbox (46.96446pt too high) has occurred while \output is active []


[63]
Underfull \hbox (badness 10000) detected at line 86
[][][]
 []


Underfull \hbox (badness 10000) detected at line 108
[][][]
 []

[64]
Underfull \hbox (badness 10000) detected at line 130
[][][]
 []


Underfull \hbox (badness 10000) detected at line 152
[][][]
 []

) (./classbym_1_1_b_y_m__project_1_1main__app_1_1views_1_1_search_dish_api.tex 
<./classbym_1_1_b_y_m__project_1_1main__app_1_1views_1_1_search_dish_api.pdf>
<classbym_1_1_b_y_m__project_1_1main__app_1_1views_1_1_search_dish_api.pdf, id=
355, 501.875pt x 132.07343pt>
File: classbym_1_1_b_y_m__project_1_1main__app_1_1views_1_1_search_dish_api.pdf
 Graphic file (type pdf)
<use classbym_1_1_b_y_m__project_1_1main__app_1_1views_1_1_search_dish_api.pdf>

Package pdftex.def Info: classbym_1_1_b_y_m__project_1_1main__app_1_1views_1_1_
search_dish_api.pdf  used on input line 6.
(pdftex.def)             Requested size: 216.23854pt x 56.9055pt.

[65])
(./classbym_1_1_b_y_m__project_1_1main__app_1_1forms_1_1_search_dish_form.tex <
./classbym_1_1_b_y_m__project_1_1main__app_1_1forms_1_1_search_dish_form.pdf>
<classbym_1_1_b_y_m__project_1_1main__app_1_1forms_1_1_search_dish_form.pdf, id
=364, 501.875pt x 128.27925pt>
File: classbym_1_1_b_y_m__project_1_1main__app_1_1forms_1_1_search_dish_form.pd
f Graphic file (type pdf)
<use classbym_1_1_b_y_m__project_1_1main__app_1_1forms_1_1_search_dish_form.pdf
>
Package pdftex.def Info: classbym_1_1_b_y_m__project_1_1main__app_1_1forms_1_1_
search_dish_form.pdf  used on input line 6.
(pdftex.def)             Requested size: 222.63297pt x 56.9055pt.

[66])
(./classbym_1_1_b_y_m__project_1_1main__app_1_1search_1_1_search_product.tex
[67]
Underfull \hbox (badness 10000) detected at line 37
[][][]
 []

[68]
Underfull \hbox (badness 10000) detected at line 76
[][][]
 []


Underfull \hbox (badness 10000) detected at line 93
[][][]
 []


Underfull \hbox (badness 10000) detected at line 115
[][][]
 []

[69]
Underfull \hbox (badness 10000) detected at line 137
[][][]
 []

) (./classbym_1_1_b_y_m__project_1_1main__app_1_1models_1_1_shop.tex
Underfull \hbox (badness 10000) in paragraph at lines 5--8

 []

 <./classbym_1_1_b_y_m__project_1_1main__app_1_1models_1_1_shop.pdf>
<classbym_1_1_b_y_m__project_1_1main__app_1_1models_1_1_shop.pdf, id=383, 501.8
75pt x 157.44823pt>
File: classbym_1_1_b_y_m__project_1_1main__app_1_1models_1_1_shop.pdf Graphic f
ile (type pdf)
<use classbym_1_1_b_y_m__project_1_1main__app_1_1models_1_1_shop.pdf>
Package pdftex.def Info: classbym_1_1_b_y_m__project_1_1main__app_1_1models_1_1
_shop.pdf  used on input line 14.
(pdftex.def)             Requested size: 181.38704pt x 56.9055pt.

Underfull \hbox (badness 10000) in paragraph at lines 34--37

 []

[70]) (./classbym_1_1_b_y_m__project_1_1main__app_1_1models_1_1_sub_type.tex
Underfull \hbox (badness 10000) in paragraph at lines 5--8

 []

 <./classbym_1_1_b_y_m__project_1_1main__app_1_1models_1_1_sub_type.pdf>
<classbym_1_1_b_y_m__project_1_1main__app_1_1models_1_1_sub_type.pdf, id=392, 5
01.875pt x 145.47348pt>
File: classbym_1_1_b_y_m__project_1_1main__app_1_1models_1_1_sub_type.pdf Graph
ic file (type pdf)
<use classbym_1_1_b_y_m__project_1_1main__app_1_1models_1_1_sub_type.pdf>
Package pdftex.def Info: classbym_1_1_b_y_m__project_1_1main__app_1_1models_1_1
_sub_type.pdf  used on input line 14.
(pdftex.def)             Requested size: 196.32011pt x 56.9055pt.

[71]
Underfull \hbox (badness 10000) in paragraph at lines 36--39

 []

) (./classbym_1_1_b_y_m__project_1_1main__app_1_1models_1_1_type.tex
Underfull \hbox (badness 10000) in paragraph at lines 5--7

 []

 <./classbym_1_1_b_y_m__project_1_1main__app_1_1models_1_1_type.pdf>
<classbym_1_1_b_y_m__project_1_1main__app_1_1models_1_1_type.pdf, id=401, 501.8
75pt x 158.07054pt>
File: classbym_1_1_b_y_m__project_1_1main__app_1_1models_1_1_type.pdf Graphic f
ile (type pdf)
<use classbym_1_1_b_y_m__project_1_1main__app_1_1models_1_1_type.pdf>
Package pdftex.def Info: classbym_1_1_b_y_m__project_1_1main__app_1_1models_1_1
_type.pdf  used on input line 13.
(pdftex.def)             Requested size: 180.67485pt x 56.9055pt.
 [72]
Underfull \hbox (badness 10000) in paragraph at lines 31--33

 []

) (./classbym_1_1_b_y_m__project_1_1main__app_1_1models_1_1_unit_of_measure.tex

Underfull \hbox (badness 10000) in paragraph at lines 5--8

 []

 <./classbym_1_1_b_y_m__project_1_1main__app_1_1models_1_1_unit_of_measure.pdf>
<classbym_1_1_b_y_m__project_1_1main__app_1_1models_1_1_unit_of_measure.pdf, id
=410, 501.875pt x 129.10233pt>
File: classbym_1_1_b_y_m__project_1_1main__app_1_1models_1_1_unit_of_measure.pd
f Graphic file (type pdf)
<use classbym_1_1_b_y_m__project_1_1main__app_1_1models_1_1_unit_of_measure.pdf
>
Package pdftex.def Info: classbym_1_1_b_y_m__project_1_1main__app_1_1models_1_1
_unit_of_measure.pdf  used on input line 14.
(pdftex.def)             Requested size: 221.21623pt x 56.9055pt.
[73]
Underfull \hbox (badness 10000) in paragraph at lines 40--43

 []

[74]) (./classbym_1_1_b_y_m__project_1_1main__app_1_1models_1_1_user.tex <./cla
ssbym_1_1_b_y_m__project_1_1main__app_1_1models_1_1_user.pdf>
<classbym_1_1_b_y_m__project_1_1main__app_1_1models_1_1_user.pdf, id=423, 501.8
75pt x 159.32523pt>
File: classbym_1_1_b_y_m__project_1_1main__app_1_1models_1_1_user.pdf Graphic f
ile (type pdf)
<use classbym_1_1_b_y_m__project_1_1main__app_1_1models_1_1_user.pdf>
Package pdftex.def Info: classbym_1_1_b_y_m__project_1_1main__app_1_1models_1_1
_user.pdf  used on input line 11.
(pdftex.def)             Requested size: 179.25047pt x 56.9055pt.
 [75]
Underfull \hbox (badness 10000) in paragraph at lines 54--59

 []

[76]
Underfull \hbox (badness 10000) detected at line 83
[][][]
 []


Underfull \hbox (badness 10000) detected at line 105
[][][]
 []

[77])
(./classbym_1_1_b_y_m__project_1_1main__app_1_1views_1_1_user_api_view.tex <./c
lassbym_1_1_b_y_m__project_1_1main__app_1_1views_1_1_user_api_view.pdf>
<classbym_1_1_b_y_m__project_1_1main__app_1_1views_1_1_user_api_view.pdf, id=43
8, 501.875pt x 137.50372pt>
File: classbym_1_1_b_y_m__project_1_1main__app_1_1views_1_1_user_api_view.pdf G
raphic file (type pdf)
<use classbym_1_1_b_y_m__project_1_1main__app_1_1views_1_1_user_api_view.pdf>
Package pdftex.def Info: classbym_1_1_b_y_m__project_1_1main__app_1_1views_1_1_
user_api_view.pdf  used on input line 6.
(pdftex.def)             Requested size: 207.69989pt x 56.9055pt.

[78])
(./classbym_1_1_b_y_m__project_1_1main__app_1_1serializers_1_1_user_serializer.
tex <./classbym_1_1_b_y_m__project_1_1main__app_1_1serializers_1_1_user_seriali
zer.pdf>
<classbym_1_1_b_y_m__project_1_1main__app_1_1serializers_1_1_user_serializer.pd
f, id=447, 501.875pt x 123.54155pt>
File: classbym_1_1_b_y_m__project_1_1main__app_1_1serializers_1_1_user_serializ
er.pdf Graphic file (type pdf)
<use classbym_1_1_b_y_m__project_1_1main__app_1_1serializers_1_1_user_serialize
r.pdf>
Package pdftex.def Info: classbym_1_1_b_y_m__project_1_1main__app_1_1serializer
s_1_1_user_serializer.pdf  used on input line 6.
(pdftex.def)             Requested size: 231.17162pt x 56.9055pt.
 [79]) [80]
{\cyrillictext \CYRG \cyrl \cyra \cyrv \cyra } 7.
(./____init_____8py.tex) (./____init_____8py_source.tex) (./admin_8py.tex)
(./admin_8py_source.tex) (./apps_8py.tex [81

]) (./apps_8py_source.tex)
(./cart_8py.tex) (./cart_8py_source.tex [82] [83]) (./config_8py.tex)
(./config_8py_source.tex [84]) (./conversions__functions_8py.tex)
(./conversions__functions_8py_source.tex [85]) (./forms_8py.tex)
(./forms_8py_source.tex [86]) (./functions__backend_8py.tex)
(./functions__backend_8py_source.tex [87]) (./models_8py.tex [88]
Underfull \hbox (badness 10000) in paragraph at lines 11--13

 []


Underfull \hbox (badness 10000) in paragraph at lines 17--19

 []


Underfull \hbox (badness 10000) in paragraph at lines 23--26

 []


Underfull \hbox (badness 10000) in paragraph at lines 30--41

 []


Underfull \hbox (badness 10000) in paragraph at lines 45--50

 []


Underfull \hbox (badness 10000) in paragraph at lines 54--57

 []


Underfull \hbox (badness 10000) in paragraph at lines 61--64

 []


Underfull \hbox (badness 10000) in paragraph at lines 68--73

 []

[89]
Underfull \hbox (badness 10000) in paragraph at lines 85--89

 []


Underfull \hbox (badness 10000) in paragraph at lines 93--96

 []


Underfull \hbox (badness 10000) in paragraph at lines 100--108

 []


Underfull \hbox (badness 10000) in paragraph at lines 112--121

 []

) (./models_8py_source.tex [90] [91] [92] [93]) (./parser_8py.tex)
(./parser_8py_source.tex [94] [95] [96]) (./recommendation__system_8py.tex)
(./recommendation__system_8py_source.tex) (./search_8py.tex)
(./search_8py_source.tex [97] [98]) (./serializers_8py.tex [99])
(./serializers_8py_source.tex) (./tests_8py.tex) (./tests_8py_source.tex)
(./views_8py.tex [100]) (./views_8py_source.tex [101] [102]) [103] [104

]
(./refman.ind
Underfull \hbox (badness 10000) in paragraph at lines 5--6
[]| \T2A/phv/bc/n/10 bym.BYM_project.main_app.parser.Lavka,
 []


Underfull \hbox (badness 10000) in paragraph at lines 6--7
[]| \T2A/phv/bc/n/10 bym.BYM_project.main_app.parser.Parser,
 []


Overfull \hbox (155.01283pt too wide) in paragraph at lines 7--9
[]| \T2A/phv/bc/n/10 bym.BYM_project.main_app.recommendation_system.Recommendat
ionSystem,
 []


Overfull \hbox (29.15468pt too wide) in paragraph at lines 10--11
[]| \T2A/phv/bc/n/10 bym.BYM_project.main_app.search.SearchProduct,
 []


Overfull \hbox (28.04384pt too wide) in paragraph at lines 19--20
[]| \T2A/phv/bc/n/10 bym.BYM_project.main_app.models.DishCategory,
 []


Underfull \hbox (badness 10000) in paragraph at lines 20--21
[]| \T2A/phv/bc/n/10 bym.BYM_project.main_app.models.Menu,
 []


Overfull \hbox (20.07356pt too wide) in paragraph at lines 22--23
[]| \T2A/phv/bc/n/10 bym.BYM_project.main_app.models.ProductLog,
 []


Underfull \hbox (badness 10000) in paragraph at lines 25--26
[]| \T2A/phv/bc/n/10 bym.BYM_project.main_app.models.User,
 []


Overfull \hbox (35.40315pt too wide) in paragraph at lines 31--32
[]| \T2A/phv/bc/n/10 bym.BYM_project.main_app.models.UnitOfMeasure,
 []


Underfull \hbox (badness 10000) in paragraph at lines 32--33
[]| \T2A/phv/bc/n/10 bym.BYM_project.main_app.models.User,
 []


Underfull \hbox (badness 10000) in paragraph at lines 58--59
[]\T2A/phv/bc/n/10 bym.BYM_project.main_app.functions_backend,
 []


Underfull \hbox (badness 10000) in paragraph at lines 66--67
[]\T2A/phv/bc/n/10 bym.BYM_project.main_app.models.Category,
 []


Underfull \hbox (badness 10000) in paragraph at lines 76--77
[]\T2A/phv/bc/n/10 bym.BYM_project.main_app.models.Conversion,
 []


Overfull \hbox (21.79048pt too wide) in paragraph at lines 83--84
[]\T2A/phv/bc/n/10 bym.BYM_project.main_app.models.Conversion.Meta,
 []

[105


]
Overfull \hbox (33.6487pt too wide) in paragraph at lines 93--94
[]\T2A/phv/bc/n/10 bym.BYM_project.main_app.models.CookingStage.Meta,
 []


Underfull \hbox (badness 10000) in paragraph at lines 115--116
[]\T2A/phv/bc/n/10 bym.BYM_project.main_app.models.Dish.Meta,
 []


Overfull \hbox (32.48232pt too wide) in paragraph at lines 125--126
[]\T2A/phv/bc/n/10 bym.BYM_project.main_app.models.DishCategory.Meta,
 []


Underfull \hbox (badness 10000) in paragraph at lines 134--135
[]\T2A/phv/bc/n/10 bym.BYM_project.main_app.models.Menu.Meta,
 []


Underfull \hbox (badness 10000) in paragraph at lines 143--144
[]\T2A/phv/bc/n/10 bym.BYM_project.main_app.models.Order.Meta,
 []


Overfull \hbox (25.34517pt too wide) in paragraph at lines 170--171
[]\T2A/phv/bc/n/10 bym.BYM_project.main_app.models.ProductLog.Meta,
 []


Underfull \hbox (badness 10000) in paragraph at lines 177--178
[]\T2A/phv/bc/n/10 bym.BYM_project.main_app.models.Shop.Meta,
 []

[106]
Underfull \hbox (badness 10000) in paragraph at lines 191--192
[]\T2A/phv/bc/n/10 bym.BYM_project.main_app.models.Type.Meta,
 []


Overfull \hbox (15.40315pt too wide) in paragraph at lines 194--195
[]\T2A/phv/bc/n/10 bym.BYM_project.main_app.models.UnitOfMeasure,
 []


Overfull \hbox (40.67476pt too wide) in paragraph at lines 201--202
[]\T2A/phv/bc/n/10 bym.BYM_project.main_app.models.UnitOfMeasure.Meta,
 []


Underfull \hbox (badness 10000) in paragraph at lines 217--218
[]\T2A/phv/bc/n/10 bym.BYM_project.main_app.models.User.Meta,
 []


Overfull \hbox (25.123pt too wide) in paragraph at lines 239--240
[]\T2A/phv/bc/n/10 bym.BYM_project.main_app.recommendation_system,
 []


Overfull \hbox (135.01283pt too wide) in paragraph at lines 240--242
[]\T2A/phv/bc/n/10 bym.BYM_project.main_app.recommendation_system.Recommendatio
nSystem,
 []


Underfull \hbox (badness 10000) in paragraph at lines 246--247
[]\T2A/phv/bc/n/10 bym.BYM_project.main_app.search.SearchDish,
 []


Overfull \hbox (20.29085pt too wide) in paragraph at lines 267--268
[]\T2A/phv/bc/n/10 bym.BYM_project.main_app.serializers.UserSerializer,
 []


Overfull \hbox (45.56245pt too wide) in paragraph at lines 268--270
[]\T2A/phv/bc/n/10 bym.BYM_project.main_app.serializers.UserSerializer.Meta,
 []


Overfull \hbox (20.76295pt too wide) in paragraph at lines 284--285
[]\T2A/phv/bc/n/10 bym.BYM_project.main_app.views.ParseProductsApi,
 []


Underfull \hbox (badness 10000) in paragraph at lines 288--289
[]\T2A/phv/bc/n/10 bym.BYM_project.main_app.views.UserApiView,
 []

[107]
Underfull \hbox (badness 10000) in paragraph at lines 295--296
[]| \T2A/phv/bc/n/10 bym.BYM_project.main_app.models.Dish,
 []


Underfull \hbox (badness 10000) in paragraph at lines 297--298
[]| \T2A/phv/bc/n/10 bym.BYM_project.main_app.models.Dish,
 []


Underfull \hbox (badness 10000) in paragraph at lines 300--301
[]| \T2A/phv/bc/n/10 bym.BYM_project.main_app.models.User,
 []


Overfull \hbox (16.51888pt too wide) in paragraph at lines 302--303
[]| \T2A/phv/bc/n/10 bym.BYM_project.main_app.models.Conversion,
 []


Overfull \hbox (16.51888pt too wide) in paragraph at lines 304--305
[]| \T2A/phv/bc/n/10 bym.BYM_project.main_app.models.Conversion,
 []


Overfull \hbox (28.04384pt too wide) in paragraph at lines 305--306
[]| \T2A/phv/bc/n/10 bym.BYM_project.main_app.models.DishCategory,
 []


Overfull \hbox (29.15468pt too wide) in paragraph at lines 306--307
[]| \T2A/phv/bc/n/10 bym.BYM_project.main_app.search.SearchProduct,
 []


Overfull \hbox (16.51888pt too wide) in paragraph at lines 310--311
[]| \T2A/phv/bc/n/10 bym.BYM_project.main_app.models.Conversion,
 []


Overfull \hbox (18.10182pt too wide) in paragraph at lines 314--315
[]| \T2A/phv/bc/n/10 bym.BYM_project.main_app.functions_backend,
 []


Underfull \hbox (badness 10000) in paragraph at lines 316--317
[]| \T2A/phv/bc/n/10 bym.BYM_project.main_app.models.Dish,
 []


Underfull \hbox (badness 10000) in paragraph at lines 318--319
[]| \T2A/phv/bc/n/10 bym.BYM_project.main_app.models.Dish,
 []


Underfull \hbox (badness 10000) in paragraph at lines 320--321
[]| \T2A/phv/bc/n/10 bym.BYM_project.main_app.models.Dish,
 []


Underfull \hbox (badness 10000) in paragraph at lines 322--323
[]| \T2A/phv/bc/n/10 bym.BYM_project.main_app.models.Order,
 []


Overfull \hbox (27.54396pt too wide) in paragraph at lines 327--328
[]| \T2A/phv/bc/n/10 bym.BYM_project.main_app.apps.MainAppConfig,
 []


Overfull \hbox (28.37709pt too wide) in paragraph at lines 329--330
[]| \T2A/phv/bc/n/10 bym.BYM_project.main_app.models.CookingStage,
 []


Overfull \hbox (28.37709pt too wide) in paragraph at lines 331--332
[]| \T2A/phv/bc/n/10 bym.BYM_project.main_app.models.CookingStage,
 []


Overfull \hbox (28.04384pt too wide) in paragraph at lines 332--333
[]| \T2A/phv/bc/n/10 bym.BYM_project.main_app.models.DishCategory,
 []


Underfull \hbox (badness 10000) in paragraph at lines 333--334
[]| \T2A/phv/bc/n/10 bym.BYM_project.main_app.models.Menu,
 []


Overfull \hbox (28.37709pt too wide) in paragraph at lines 336--337
[]| \T2A/phv/bc/n/10 bym.BYM_project.main_app.models.CookingStage,
 []


Overfull \hbox (28.04384pt too wide) in paragraph at lines 337--338
[]| \T2A/phv/bc/n/10 bym.BYM_project.main_app.models.DishCategory,
 []


Underfull \hbox (badness 10000) in paragraph at lines 338--339
[]| \T2A/phv/bc/n/10 bym.BYM_project.main_app.models.Menu,
 []


Underfull \hbox (badness 10000) in paragraph at lines 342--343
[]| \T2A/phv/bc/n/10 bym.BYM_project.main_app.parser.Lavka,
 []


Underfull \hbox (badness 10000) in paragraph at lines 347--348
[]| \T2A/phv/bc/n/10 bym.BYM_project.main_app.models.Dish,
 []


Overfull \hbox (65.56245pt too wide) in paragraph at lines 349--351
[]| \T2A/phv/bc/n/10 bym.BYM_project.main_app.serializers.UserSerializer.Meta,
 []


Overfull \hbox (155.01283pt too wide) in paragraph at lines 354--356
[]| \T2A/phv/bc/n/10 bym.BYM_project.main_app.recommendation_system.Recommendat
ionSystem,
 []


Overfull \hbox (16.51888pt too wide) in paragraph at lines 358--359
[]| \T2A/phv/bc/n/10 bym.BYM_project.main_app.models.Conversion,
 []


Overfull \hbox (29.15468pt too wide) in paragraph at lines 365--366
[]| \T2A/phv/bc/n/10 bym.BYM_project.main_app.search.SearchProduct,
 []


Overfull \hbox (23.79488pt too wide) in paragraph at lines 366--367
[]| \T2A/phv/bc/n/10 bym.BYM_project.main_app.views.HomePageApi,
 []


Overfull \hbox (29.15468pt too wide) in paragraph at lines 372--373
[]| \T2A/phv/bc/n/10 bym.BYM_project.main_app.search.SearchProduct,
 []


Underfull \hbox (badness 10000) in paragraph at lines 374--375
[]| \T2A/phv/bc/n/10 bym.BYM_project.main_app.parser.Lavka,
 []


Underfull \hbox (badness 10000) in paragraph at lines 376--377
[]| \T2A/phv/bc/n/10 bym.BYM_project.main_app.parser.Lavka,
 []


Overfull \hbox (18.10182pt too wide) in paragraph at lines 378--379
[]| \T2A/phv/bc/n/10 bym.BYM_project.main_app.functions_backend,
 []


Overfull \hbox (32.12617pt too wide) in paragraph at lines 380--381
[]| \T2A/phv/bc/n/10 bym.BYM_project.main_app.conversions_functions,
 []

[108]
Overfull \hbox (18.10182pt too wide) in paragraph at lines 384--385
[]| \T2A/phv/bc/n/10 bym.BYM_project.main_app.functions_backend,
 []


Underfull \hbox (badness 10000) in paragraph at lines 386--387
[]| \T2A/phv/bc/n/10 bym.BYM_project.main_app.models.User,
 []


Overfull \hbox (32.12617pt too wide) in paragraph at lines 393--394
[]| \T2A/phv/bc/n/10 bym.BYM_project.main_app.conversions_functions,
 []


Overfull \hbox (28.37709pt too wide) in paragraph at lines 398--399
[]| \T2A/phv/bc/n/10 bym.BYM_project.main_app.models.CookingStage,
 []


Underfull \hbox (badness 10000) in paragraph at lines 399--400
[]| \T2A/phv/bc/n/10 bym.BYM_project.main_app.models.Dish,
 []


Underfull \hbox (badness 10000) in paragraph at lines 404--405
[]| \T2A/phv/bc/n/10 bym.BYM_project.main_app.models.User,
 []


Overfull \hbox (20.07356pt too wide) in paragraph at lines 407--408
[]| \T2A/phv/bc/n/10 bym.BYM_project.main_app.models.ProductLog,
 []


Underfull \hbox (badness 10000) in paragraph at lines 408--409
[]| \T2A/phv/bc/n/10 bym.BYM_project.main_app.models.Shop,
 []


Underfull \hbox (badness 10000) in paragraph at lines 410--411
[]| \T2A/phv/bc/n/10 bym.BYM_project.main_app.models.User,
 []


Underfull \hbox (badness 10000) in paragraph at lines 416--417
[]| \T2A/phv/bc/n/10 bym.BYM_project.main_app.models.Shop,
 []


Underfull \hbox (badness 10000) in paragraph at lines 417--418
[]| \T2A/phv/bc/n/10 bym.BYM_project.main_app.models.Type,
 []


Overfull \hbox (65.56245pt too wide) in paragraph at lines 419--421
[]| \T2A/phv/bc/n/10 bym.BYM_project.main_app.serializers.UserSerializer.Meta,
 []


Overfull \hbox (27.54396pt too wide) in paragraph at lines 428--429
[]| \T2A/phv/bc/n/10 bym.BYM_project.main_app.apps.MainAppConfig,
 []


Underfull \hbox (badness 10000) in paragraph at lines 431--432
[]| \T2A/phv/bc/n/10 bym.BYM_project.main_app.models.Dish,
 []


Overfull \hbox (20.07356pt too wide) in paragraph at lines 433--434
[]| \T2A/phv/bc/n/10 bym.BYM_project.main_app.models.ProductLog,
 []


Underfull \hbox (badness 10000) in paragraph at lines 434--435
[]| \T2A/phv/bc/n/10 bym.BYM_project.main_app.models.Shop,
 []


Underfull \hbox (badness 10000) in paragraph at lines 436--437
[]| \T2A/phv/bc/n/10 bym.BYM_project.main_app.models.Type,
 []


Overfull \hbox (35.40315pt too wide) in paragraph at lines 437--438
[]| \T2A/phv/bc/n/10 bym.BYM_project.main_app.models.UnitOfMeasure,
 []


Underfull \hbox (badness 10000) in paragraph at lines 439--440
[]| \T2A/phv/bc/n/10 bym.BYM_project.main_app.models.User,
 []


Overfull \hbox (35.40315pt too wide) in paragraph at lines 442--443
[]| \T2A/phv/bc/n/10 bym.BYM_project.main_app.models.UnitOfMeasure,
 []


Underfull \hbox (badness 10000) in paragraph at lines 443--444
[]| \T2A/phv/bc/n/10 bym.BYM_project.main_app.models.User,
 []


Overfull \hbox (18.10182pt too wide) in paragraph at lines 445--446
[]| \T2A/phv/bc/n/10 bym.BYM_project.main_app.functions_backend,
 []


Overfull \hbox (16.51888pt too wide) in paragraph at lines 451--452
[]| \T2A/phv/bc/n/10 bym.BYM_project.main_app.models.Conversion,
 []


Overfull \hbox (28.37709pt too wide) in paragraph at lines 452--453
[]| \T2A/phv/bc/n/10 bym.BYM_project.main_app.models.CookingStage,
 []


Underfull \hbox (badness 10000) in paragraph at lines 453--454
[]| \T2A/phv/bc/n/10 bym.BYM_project.main_app.models.Dish,
 []


Overfull \hbox (28.04384pt too wide) in paragraph at lines 454--455
[]| \T2A/phv/bc/n/10 bym.BYM_project.main_app.models.DishCategory,
 []


Underfull \hbox (badness 10000) in paragraph at lines 455--456
[]| \T2A/phv/bc/n/10 bym.BYM_project.main_app.models.Menu,
 []


Underfull \hbox (badness 10000) in paragraph at lines 456--457
[]| \T2A/phv/bc/n/10 bym.BYM_project.main_app.models.Order,
 []


Overfull \hbox (20.07356pt too wide) in paragraph at lines 458--459
[]| \T2A/phv/bc/n/10 bym.BYM_project.main_app.models.ProductLog,
 []


Overfull \hbox (35.40315pt too wide) in paragraph at lines 460--461
[]| \T2A/phv/bc/n/10 bym.BYM_project.main_app.models.UnitOfMeasure,
 []


Underfull \hbox (badness 10000) in paragraph at lines 461--462
[]| \T2A/phv/bc/n/10 bym.BYM_project.main_app.models.User,
 []


Underfull \hbox (badness 10000) in paragraph at lines 463--464
[]| \T2A/phv/bc/n/10 bym.BYM_project.main_app.parser.Parser,
 []


Overfull \hbox (20.07356pt too wide) in paragraph at lines 465--466
[]| \T2A/phv/bc/n/10 bym.BYM_project.main_app.models.ProductLog,
 []


Overfull \hbox (28.37709pt too wide) in paragraph at lines 467--468
[]| \T2A/phv/bc/n/10 bym.BYM_project.main_app.models.CookingStage,
 []


Underfull \hbox (badness 10000) in paragraph at lines 468--469
[]| \T2A/phv/bc/n/10 bym.BYM_project.main_app.models.Menu,
 []


Overfull \hbox (20.07356pt too wide) in paragraph at lines 469--470
[]| \T2A/phv/bc/n/10 bym.BYM_project.main_app.models.ProductLog,
 []

[109]
Underfull \hbox (badness 10000) in paragraph at lines 471--472
[]| \T2A/phv/bc/n/10 bym.BYM_project.main_app.models.Order,
 []


Underfull \hbox (badness 10000) in paragraph at lines 478--479
[]| \T2A/phv/bc/n/10 bym.BYM_project.main_app.parser.Lavka,
 []


Underfull \hbox (badness 10000) in paragraph at lines 485--486
[]| \T2A/phv/bc/n/10 bym.BYM_project.main_app.models.Dish,
 []


Overfull \hbox (30.34883pt too wide) in paragraph at lines 487--488
[]| \T2A/phv/bc/n/10 bym.BYM_project.main_app.views.ChangeCartApi,
 []


Overfull \hbox (40.76295pt too wide) in paragraph at lines 488--489
[]| \T2A/phv/bc/n/10 bym.BYM_project.main_app.views.ParseProductsApi,
 []


Overfull \hbox (26.09987pt too wide) in paragraph at lines 489--490
[]| \T2A/phv/bc/n/10 bym.BYM_project.main_app.views.SearchDishApi,
 []


Overfull \hbox (155.01283pt too wide) in paragraph at lines 491--493
[]| \T2A/phv/bc/n/10 bym.BYM_project.main_app.recommendation_system.Recommendat
ionSystem,
 []


Overfull \hbox (20.07356pt too wide) in paragraph at lines 495--496
[]| \T2A/phv/bc/n/10 bym.BYM_project.main_app.models.ProductLog,
 []


Underfull \hbox (badness 10000) in paragraph at lines 497--498
[]| \T2A/phv/bc/n/10 bym.BYM_project.main_app.parser.Parser,
 []


Overfull \hbox (29.15468pt too wide) in paragraph at lines 499--500
[]| \T2A/phv/bc/n/10 bym.BYM_project.main_app.search.SearchProduct,
 []


Underfull \hbox (badness 10000) in paragraph at lines 501--502
[]| \T2A/phv/bc/n/10 bym.BYM_project.main_app.models.Dish,
 []


Overfull \hbox (20.07356pt too wide) in paragraph at lines 506--507
[]| \T2A/phv/bc/n/10 bym.BYM_project.main_app.models.ProductLog,
 []


Overfull \hbox (19.29597pt too wide) in paragraph at lines 508--509
[]| \T2A/phv/bc/n/10 bym.BYM_project.main_app.views.UserApiView,
 []


Overfull \hbox (29.15468pt too wide) in paragraph at lines 522--523
[]| \T2A/phv/bc/n/10 bym.BYM_project.main_app.search.SearchProduct,
 []


Overfull \hbox (33.79243pt too wide) in paragraph at lines 525--526
[]| \T2A/phv/bc/n/10 bym.BYM_project.main_app.forms.SearchDishForm,
 []


Overfull \hbox (29.15468pt too wide) in paragraph at lines 529--530
[]| \T2A/phv/bc/n/10 bym.BYM_project.main_app.search.SearchProduct,
 []


Overfull \hbox (19.29597pt too wide) in paragraph at lines 531--532
[]| \T2A/phv/bc/n/10 bym.BYM_project.main_app.views.UserApiView,
 []


Underfull \hbox (badness 10000) in paragraph at lines 534--535
[]| \T2A/phv/bc/n/10 bym.BYM_project.main_app.models.User,
 []


Underfull \hbox (badness 10000) in paragraph at lines 536--537
[]| \T2A/phv/bc/n/10 bym.BYM_project.main_app.models.User,
 []


Overfull \hbox (20.07356pt too wide) in paragraph at lines 539--540
[]| \T2A/phv/bc/n/10 bym.BYM_project.main_app.models.ProductLog,
 []


Underfull \hbox (badness 10000) in paragraph at lines 541--542
[]| \T2A/phv/bc/n/10 bym.BYM_project.main_app.parser.Parser,
 []


Underfull \hbox (badness 10000) in paragraph at lines 543--544
[]| \T2A/phv/bc/n/10 bym.BYM_project.main_app.parser.Lavka,
 []


Underfull \hbox (badness 10000) in paragraph at lines 545--546
[]| \T2A/phv/bc/n/10 bym.BYM_project.main_app.parser.Parser,
 []


Overfull \hbox (18.10182pt too wide) in paragraph at lines 547--548
[]| \T2A/phv/bc/n/10 bym.BYM_project.main_app.functions_backend,
 []


Overfull \hbox (18.10182pt too wide) in paragraph at lines 549--550
[]| \T2A/phv/bc/n/10 bym.BYM_project.main_app.functions_backend,
 []


Underfull \hbox (badness 10000) in paragraph at lines 551--552
[]| \T2A/phv/bc/n/10 bym.BYM_project.main_app.models.Dish,
 []


Overfull \hbox (35.40315pt too wide) in paragraph at lines 555--556
[]| \T2A/phv/bc/n/10 bym.BYM_project.main_app.models.UnitOfMeasure,
 []

[110]
Overfull \hbox (29.15468pt too wide) in paragraph at lines 562--563
[]| \T2A/phv/bc/n/10 bym.BYM_project.main_app.search.SearchProduct,
 []


Overfull \hbox (16.51888pt too wide) in paragraph at lines 564--565
[]| \T2A/phv/bc/n/10 bym.BYM_project.main_app.models.Conversion,
 []


Overfull \hbox (35.40315pt too wide) in paragraph at lines 567--568
[]| \T2A/phv/bc/n/10 bym.BYM_project.main_app.models.UnitOfMeasure,
 []


Underfull \hbox (badness 10000) in paragraph at lines 568--569
[]| \T2A/phv/bc/n/10 bym.BYM_project.main_app.models.User,
 []


Overfull \hbox (28.04384pt too wide) in paragraph at lines 577--578
[]| \T2A/phv/bc/n/10 bym.BYM_project.main_app.models.DishCategory,
 []


Overfull \hbox (20.07356pt too wide) in paragraph at lines 579--580
[]| \T2A/phv/bc/n/10 bym.BYM_project.main_app.models.ProductLog,
 []


Underfull \hbox (badness 10000) in paragraph at lines 583--584
[]| \T2A/phv/bc/n/10 bym.BYM_project.main_app.parser.Lavka,
 []


Underfull \hbox (badness 10000) in paragraph at lines 585--586
[]| \T2A/phv/bc/n/10 bym.BYM_project.main_app.parser.Lavka,
 []


Underfull \hbox (badness 10000) in paragraph at lines 589--590
[]| \T2A/phv/bc/n/10 bym.BYM_project.main_app.models.Order,
 []


Underfull \hbox (badness 10000) in paragraph at lines 592--593
[]| \T2A/phv/bc/n/10 bym.BYM_project.main_app.models.Order,
 []


Underfull \hbox (badness 10000) in paragraph at lines 595--596
[]| \T2A/phv/bc/n/10 bym.BYM_project.main_app.parser.Parser,
 []


Overfull \hbox (32.57051pt too wide) in paragraph at lines 600--601
[]| \T2A/phv/bc/n/10 bym.BYM_project.main_app.models.Category.Meta,
 []


Overfull \hbox (41.79048pt too wide) in paragraph at lines 601--602
[]| \T2A/phv/bc/n/10 bym.BYM_project.main_app.models.Conversion.Meta,
 []


Overfull \hbox (53.6487pt too wide) in paragraph at lines 602--603
[]| \T2A/phv/bc/n/10 bym.BYM_project.main_app.models.CookingStage.Meta,
 []


Overfull \hbox (28.96028pt too wide) in paragraph at lines 603--604
[]| \T2A/phv/bc/n/10 bym.BYM_project.main_app.models.Country.Meta,
 []


Overfull \hbox (52.48232pt too wide) in paragraph at lines 605--606
[]| \T2A/phv/bc/n/10 bym.BYM_project.main_app.models.DishCategory.Meta,
 []


Overfull \hbox (18.10182pt too wide) in paragraph at lines 606--607
[]| \T2A/phv/bc/n/10 bym.BYM_project.main_app.models.Menu.Meta,
 []


Overfull \hbox (19.2682pt too wide) in paragraph at lines 607--608
[]| \T2A/phv/bc/n/10 bym.BYM_project.main_app.models.Order.Meta,
 []


Overfull \hbox (29.09914pt too wide) in paragraph at lines 608--609
[]| \T2A/phv/bc/n/10 bym.BYM_project.main_app.models.Product.Meta,
 []


Overfull \hbox (45.34517pt too wide) in paragraph at lines 609--610
[]| \T2A/phv/bc/n/10 bym.BYM_project.main_app.models.ProductLog.Meta,
 []


Overfull \hbox (15.32472pt too wide) in paragraph at lines 610--611
[]| \T2A/phv/bc/n/10 bym.BYM_project.main_app.models.Shop.Meta,
 []


Overfull \hbox (32.82045pt too wide) in paragraph at lines 611--612
[]| \T2A/phv/bc/n/10 bym.BYM_project.main_app.models.SubType.Meta,
 []


Overfull \hbox (16.15785pt too wide) in paragraph at lines 612--613
[]| \T2A/phv/bc/n/10 bym.BYM_project.main_app.models.Type.Meta,
 []


Overfull \hbox (60.67476pt too wide) in paragraph at lines 613--614
[]| \T2A/phv/bc/n/10 bym.BYM_project.main_app.models.UnitOfMeasure.Meta,
 []


Overfull \hbox (32.57051pt too wide) in paragraph at lines 616--617
[]| \T2A/phv/bc/n/10 bym.BYM_project.main_app.models.Category.Meta,
 []


Overfull \hbox (41.79048pt too wide) in paragraph at lines 617--618
[]| \T2A/phv/bc/n/10 bym.BYM_project.main_app.models.Conversion.Meta,
 []


Overfull \hbox (53.6487pt too wide) in paragraph at lines 618--619
[]| \T2A/phv/bc/n/10 bym.BYM_project.main_app.models.CookingStage.Meta,
 []


Overfull \hbox (28.96028pt too wide) in paragraph at lines 619--620
[]| \T2A/phv/bc/n/10 bym.BYM_project.main_app.models.Country.Meta,
 []


Overfull \hbox (52.48232pt too wide) in paragraph at lines 621--622
[]| \T2A/phv/bc/n/10 bym.BYM_project.main_app.models.DishCategory.Meta,
 []


Overfull \hbox (18.10182pt too wide) in paragraph at lines 622--623
[]| \T2A/phv/bc/n/10 bym.BYM_project.main_app.models.Menu.Meta,
 []


Overfull \hbox (19.2682pt too wide) in paragraph at lines 623--624
[]| \T2A/phv/bc/n/10 bym.BYM_project.main_app.models.Order.Meta,
 []


Overfull \hbox (29.09914pt too wide) in paragraph at lines 624--625
[]| \T2A/phv/bc/n/10 bym.BYM_project.main_app.models.Product.Meta,
 []


Overfull \hbox (45.34517pt too wide) in paragraph at lines 625--626
[]| \T2A/phv/bc/n/10 bym.BYM_project.main_app.models.ProductLog.Meta,
 []


Overfull \hbox (15.32472pt too wide) in paragraph at lines 626--627
[]| \T2A/phv/bc/n/10 bym.BYM_project.main_app.models.Shop.Meta,
 []


Overfull \hbox (32.82045pt too wide) in paragraph at lines 627--628
[]| \T2A/phv/bc/n/10 bym.BYM_project.main_app.models.SubType.Meta,
 []


Overfull \hbox (16.15785pt too wide) in paragraph at lines 628--629
[]| \T2A/phv/bc/n/10 bym.BYM_project.main_app.models.Type.Meta,
 []


Overfull \hbox (60.67476pt too wide) in paragraph at lines 629--630
[]| \T2A/phv/bc/n/10 bym.BYM_project.main_app.models.UnitOfMeasure.Meta,
 []


Underfull \hbox (badness 10000) in paragraph at lines 636--637
[]| \T2A/phv/bc/n/10 bym.BYM_project.main_app.parser.Lavka,
 []

[111] [112

]) (./refman.aux)
 ***********
LaTeX2e <2023-06-01> patch level 1
L3 programming layer <2023-10-10>
 ***********


LaTeX Font Warning: Some font shapes were not available, defaults substituted.

 ) 
Here is how much of TeX's memory you used:
 14298 strings out of 474503
 288122 string characters out of 5756704
 1960043 words of memory out of 5000000
 35732 multiletter control sequences out of 15000+600000
 576965 words of font info for 69 fonts, out of 8000000 for 9000
 1141 hyphenation exceptions out of 8191
 101i,16n,117p,879b,689s stack positions out of 10000i,1000n,20000p,200000b,200000s
<c:/texlive/2023/texmf-dist/fonts/type1/public/amsfonts/cm/cmmi7.pfb><c:/texl
ive/2023/texmf-dist/fonts/type1/public/amsfonts/cm/cmsy7.pfb><c:/texlive/2023/t
exmf-dist/fonts/type1/public/cm-super/sfrm0700.pfb><c:/texlive/2023/texmf-dist/
fonts/type1/public/cm-super/sfrm0800.pfb><c:/texlive/2023/texmf-dist/fonts/type
1/public/cm-super/sfrm0900.pfb><c:/texlive/2023/texmf-dist/fonts/type1/public/c
m-super/sfrm1000.pfb><c:/texlive/2023/texmf-dist/fonts/type1/public/cm-super/sf
rm1200.pfb><c:/texlive/2023/texmf-dist/fonts/type1/public/cm-super/sfrm1440.pfb
><c:/texlive/2023/texmf-dist/fonts/type1/public/cm-super/sfrm2074.pfb><c:/texli
ve/2023/texmf-dist/fonts/type1/public/cm-super/sfrm2488.pfb><c:/texlive/2023/te
xmf-dist/fonts/type1/urw/courier/ucrr8a.pfb><c:/texlive/2023/texmf-dist/fonts/t
ype1/urw/courier/ucrro8a.pfb><c:/texlive/2023/texmf-dist/fonts/type1/urw/helvet
ic/uhvr8a.pfb><c:/texlive/2023/texmf-dist/fonts/type1/urw/helvetic/uhvro8a.pfb>

Output written on refman.pdf (124 pages, 518553 bytes).
PDF statistics:
 628 PDF objects out of 1000 (max. 8388607)
 419 compressed objects within 5 object streams
 0 named destinations out of 1000 (max. 500000)
 126 words of extra memory for PDF output out of 10000 (max. 10000000)

